Starting at Sun Jan  4 15:54:05 EET 2026
Master node: nid006194
Master port: 9973
Node list: nid[006194-006202]
make: Entering directory '/pfs/lustrep1/scratch/project_462000964/members/tiedeman/MARMoT/sandbox/tiedeman/langgroups'
make: Entering directory '/pfs/lustrep1/scratch/project_462000964/members/tiedeman/MARMoT/sandbox/tiedeman/langgroups'
make: Entering directory '/pfs/lustrep1/scratch/project_462000964/members/tiedeman/MARMoT/sandbox/tiedeman/langgroups'
make: Entering directory '/pfs/lustrep1/scratch/project_462000964/members/tiedeman/MARMoT/sandbox/tiedeman/langgroups'
make: Entering directory '/pfs/lustrep1/scratch/project_462000964/members/tiedeman/MARMoT/sandbox/tiedeman/langgroups'
make: Entering directory '/pfs/lustrep1/scratch/project_462000964/members/tiedeman/MARMoT/sandbox/tiedeman/langgroups'
make: Entering directory '/pfs/lustrep1/scratch/project_462000964/members/tiedeman/MARMoT/sandbox/tiedeman/langgroups'
make: Entering directory '/pfs/lustrep1/scratch/project_462000964/members/tiedeman/MARMoT/sandbox/tiedeman/langgroups'
make: Entering directory '/pfs/lustrep1/scratch/project_462000964/members/tiedeman/MARMoT/sandbox/tiedeman/langgroups'
singularity exec \
	--env MASTER_NODE="nid006194" \
	--env MASTER_PORT="9973" \
	-B /pfs/lustrep1/scratch/project_462000964/members/tiedeman/MARMoT/sandbox/tiedeman/langgroups/eucore2:/pfs/lustrep1/scratch/project_462000964/members/tiedeman/MARMoT/sandbox/tiedeman/langgroups/eucore2:rw \
	-B /scratch/project_462000964/shared/mammoth:/scratch/project_462000964/shared/mammoth:ro \
	-B /scratch/project_462000964/MARMoT:/scratch/project_462000964/MARMoT:ro \
	-B /pfs/lustrep1/scratch/project_462000964/members/tiedeman/MARMoT/make:/pfs/lustrep1/scratch/project_462000964/members/tiedeman/MARMoT/make:ro \
	-B /dev/shm:/dev/shm:rw \
	/appl/local/containers/sif-images/lumi-pytorch-rocm-6.2.4-python-3.12-pytorch-v2.7.1.sif \
	/usr/bin/make MASTER_NODE=nid006194 MASTER_PORT=9973 multi-node-train
singularity exec \
	--env MASTER_NODE="nid006194" \
	--env MASTER_PORT="9973" \
	-B /pfs/lustrep1/scratch/project_462000964/members/tiedeman/MARMoT/sandbox/tiedeman/langgroups/eucore2:/pfs/lustrep1/scratch/project_462000964/members/tiedeman/MARMoT/sandbox/tiedeman/langgroups/eucore2:rw \
	-B /scratch/project_462000964/shared/mammoth:/scratch/project_462000964/shared/mammoth:ro \
	-B /scratch/project_462000964/MARMoT:/scratch/project_462000964/MARMoT:ro \
	-B /pfs/lustrep1/scratch/project_462000964/members/tiedeman/MARMoT/make:/pfs/lustrep1/scratch/project_462000964/members/tiedeman/MARMoT/make:ro \
	-B /dev/shm:/dev/shm:rw \
	/appl/local/containers/sif-images/lumi-pytorch-rocm-6.2.4-python-3.12-pytorch-v2.7.1.sif \
	/usr/bin/make MASTER_NODE=nid006194 MASTER_PORT=9973 multi-node-train
singularity exec \
	--env MASTER_NODE="nid006194" \
	--env MASTER_PORT="9973" \
	-B /pfs/lustrep1/scratch/project_462000964/members/tiedeman/MARMoT/sandbox/tiedeman/langgroups/eucore2:/pfs/lustrep1/scratch/project_462000964/members/tiedeman/MARMoT/sandbox/tiedeman/langgroups/eucore2:rw \
	-B /scratch/project_462000964/shared/mammoth:/scratch/project_462000964/shared/mammoth:ro \
	-B /scratch/project_462000964/MARMoT:/scratch/project_462000964/MARMoT:ro \
	-B /pfs/lustrep1/scratch/project_462000964/members/tiedeman/MARMoT/make:/pfs/lustrep1/scratch/project_462000964/members/tiedeman/MARMoT/make:ro \
	-B /dev/shm:/dev/shm:rw \
	/appl/local/containers/sif-images/lumi-pytorch-rocm-6.2.4-python-3.12-pytorch-v2.7.1.sif \
	/usr/bin/make MASTER_NODE=nid006194 MASTER_PORT=9973 multi-node-train
singularity exec \
	--env MASTER_NODE="nid006194" \
	--env MASTER_PORT="9973" \
	-B /pfs/lustrep1/scratch/project_462000964/members/tiedeman/MARMoT/sandbox/tiedeman/langgroups/eucore2:/pfs/lustrep1/scratch/project_462000964/members/tiedeman/MARMoT/sandbox/tiedeman/langgroups/eucore2:rw \
	-B /scratch/project_462000964/shared/mammoth:/scratch/project_462000964/shared/mammoth:ro \
	-B /scratch/project_462000964/MARMoT:/scratch/project_462000964/MARMoT:ro \
	-B /pfs/lustrep1/scratch/project_462000964/members/tiedeman/MARMoT/make:/pfs/lustrep1/scratch/project_462000964/members/tiedeman/MARMoT/make:ro \
	-B /dev/shm:/dev/shm:rw \
	/appl/local/containers/sif-images/lumi-pytorch-rocm-6.2.4-python-3.12-pytorch-v2.7.1.sif \
	/usr/bin/make MASTER_NODE=nid006194 MASTER_PORT=9973 multi-node-train
singularity exec \
	--env MASTER_NODE="nid006194" \
	--env MASTER_PORT="9973" \
	-B /pfs/lustrep1/scratch/project_462000964/members/tiedeman/MARMoT/sandbox/tiedeman/langgroups/eucore2:/pfs/lustrep1/scratch/project_462000964/members/tiedeman/MARMoT/sandbox/tiedeman/langgroups/eucore2:rw \
	-B /scratch/project_462000964/shared/mammoth:/scratch/project_462000964/shared/mammoth:ro \
	-B /scratch/project_462000964/MARMoT:/scratch/project_462000964/MARMoT:ro \
	-B /pfs/lustrep1/scratch/project_462000964/members/tiedeman/MARMoT/make:/pfs/lustrep1/scratch/project_462000964/members/tiedeman/MARMoT/make:ro \
	-B /dev/shm:/dev/shm:rw \
	/appl/local/containers/sif-images/lumi-pytorch-rocm-6.2.4-python-3.12-pytorch-v2.7.1.sif \
	/usr/bin/make MASTER_NODE=nid006194 MASTER_PORT=9973 multi-node-train
singularity exec \
	--env MASTER_NODE="nid006194" \
	--env MASTER_PORT="9973" \
	-B /pfs/lustrep1/scratch/project_462000964/members/tiedeman/MARMoT/sandbox/tiedeman/langgroups/eucore2:/pfs/lustrep1/scratch/project_462000964/members/tiedeman/MARMoT/sandbox/tiedeman/langgroups/eucore2:rw \
	-B /scratch/project_462000964/shared/mammoth:/scratch/project_462000964/shared/mammoth:ro \
	-B /scratch/project_462000964/MARMoT:/scratch/project_462000964/MARMoT:ro \
	-B /pfs/lustrep1/scratch/project_462000964/members/tiedeman/MARMoT/make:/pfs/lustrep1/scratch/project_462000964/members/tiedeman/MARMoT/make:ro \
	-B /dev/shm:/dev/shm:rw \
	/appl/local/containers/sif-images/lumi-pytorch-rocm-6.2.4-python-3.12-pytorch-v2.7.1.sif \
	/usr/bin/make MASTER_NODE=nid006194 MASTER_PORT=9973 multi-node-train
singularity exec \
	--env MASTER_NODE="nid006194" \
	--env MASTER_PORT="9973" \
	-B /pfs/lustrep1/scratch/project_462000964/members/tiedeman/MARMoT/sandbox/tiedeman/langgroups/eucore2:/pfs/lustrep1/scratch/project_462000964/members/tiedeman/MARMoT/sandbox/tiedeman/langgroups/eucore2:rw \
	-B /scratch/project_462000964/shared/mammoth:/scratch/project_462000964/shared/mammoth:ro \
	-B /scratch/project_462000964/MARMoT:/scratch/project_462000964/MARMoT:ro \
	-B /pfs/lustrep1/scratch/project_462000964/members/tiedeman/MARMoT/make:/pfs/lustrep1/scratch/project_462000964/members/tiedeman/MARMoT/make:ro \
	-B /dev/shm:/dev/shm:rw \
	/appl/local/containers/sif-images/lumi-pytorch-rocm-6.2.4-python-3.12-pytorch-v2.7.1.sif \
	/usr/bin/make MASTER_NODE=nid006194 MASTER_PORT=9973 multi-node-train
singularity exec \
	--env MASTER_NODE="nid006194" \
	--env MASTER_PORT="9973" \
	-B /pfs/lustrep1/scratch/project_462000964/members/tiedeman/MARMoT/sandbox/tiedeman/langgroups/eucore2:/pfs/lustrep1/scratch/project_462000964/members/tiedeman/MARMoT/sandbox/tiedeman/langgroups/eucore2:rw \
	-B /scratch/project_462000964/shared/mammoth:/scratch/project_462000964/shared/mammoth:ro \
	-B /scratch/project_462000964/MARMoT:/scratch/project_462000964/MARMoT:ro \
	-B /pfs/lustrep1/scratch/project_462000964/members/tiedeman/MARMoT/make:/pfs/lustrep1/scratch/project_462000964/members/tiedeman/MARMoT/make:ro \
	-B /dev/shm:/dev/shm:rw \
	/appl/local/containers/sif-images/lumi-pytorch-rocm-6.2.4-python-3.12-pytorch-v2.7.1.sif \
	/usr/bin/make MASTER_NODE=nid006194 MASTER_PORT=9973 multi-node-train
singularity exec \
	--env MASTER_NODE="nid006194" \
	--env MASTER_PORT="9973" \
	-B /pfs/lustrep1/scratch/project_462000964/members/tiedeman/MARMoT/sandbox/tiedeman/langgroups/eucore2:/pfs/lustrep1/scratch/project_462000964/members/tiedeman/MARMoT/sandbox/tiedeman/langgroups/eucore2:rw \
	-B /scratch/project_462000964/shared/mammoth:/scratch/project_462000964/shared/mammoth:ro \
	-B /scratch/project_462000964/MARMoT:/scratch/project_462000964/MARMoT:ro \
	-B /pfs/lustrep1/scratch/project_462000964/members/tiedeman/MARMoT/make:/pfs/lustrep1/scratch/project_462000964/members/tiedeman/MARMoT/make:ro \
	-B /dev/shm:/dev/shm:rw \
	/appl/local/containers/sif-images/lumi-pytorch-rocm-6.2.4-python-3.12-pytorch-v2.7.1.sif \
	/usr/bin/make MASTER_NODE=nid006194 MASTER_PORT=9973 multi-node-train
make[1]: Entering directory '/pfs/lustrep1/scratch/project_462000964/members/tiedeman/MARMoT/sandbox/tiedeman/langgroups'
make[1]: Entering directory '/pfs/lustrep1/scratch/project_462000964/members/tiedeman/MARMoT/sandbox/tiedeman/langgroups'
make[1]: Entering directory '/pfs/lustrep1/scratch/project_462000964/members/tiedeman/MARMoT/sandbox/tiedeman/langgroups'
make[1]: Entering directory '/pfs/lustrep1/scratch/project_462000964/members/tiedeman/MARMoT/sandbox/tiedeman/langgroups'
make[1]: Entering directory '/pfs/lustrep1/scratch/project_462000964/members/tiedeman/MARMoT/sandbox/tiedeman/langgroups'
make[1]: Entering directory '/pfs/lustrep1/scratch/project_462000964/members/tiedeman/MARMoT/sandbox/tiedeman/langgroups'
make[1]: Entering directory '/pfs/lustrep1/scratch/project_462000964/members/tiedeman/MARMoT/sandbox/tiedeman/langgroups'
make[1]: Entering directory '/pfs/lustrep1/scratch/project_462000964/members/tiedeman/MARMoT/sandbox/tiedeman/langgroups'
make[1]: Entering directory '/pfs/lustrep1/scratch/project_462000964/members/tiedeman/MARMoT/sandbox/tiedeman/langgroups'
echo /pfs/lustrep1/scratch/project_462000964/members/tiedeman/MARMoT/sandbox/tiedeman/langgroups/eucore2/train.yaml
echo /pfs/lustrep1/scratch/project_462000964/members/tiedeman/MARMoT/sandbox/tiedeman/langgroups/eucore2/train.yaml
/pfs/lustrep1/scratch/project_462000964/members/tiedeman/MARMoT/sandbox/tiedeman/langgroups/eucore2/train.yaml
/pfs/lustrep1/scratch/project_462000964/members/tiedeman/MARMoT/sandbox/tiedeman/langgroups/eucore2/train.yaml
( source /scratch/project_462000964/shared/mammoth/.venv/bin/activate; \
  echo "Node 2 starting training"; \
  echo "Master node: nid006194"; \
  echo "Master port: 9973"; \
  /scratch/project_462000964/shared/mammoth/.venv/bin/python /scratch/project_462000964/shared/mammoth/train.py  \
	-config /pfs/lustrep1/scratch/project_462000964/members/tiedeman/MARMoT/sandbox/tiedeman/langgroups/eucore2/train.yaml \
	-save_model /pfs/lustrep1/scratch/project_462000964/members/tiedeman/MARMoT/sandbox/tiedeman/langgroups/eucore2/model \
	--node_rank 2 \
	--master_ip nid006194 \
	--master_port 9973 )
( source /scratch/project_462000964/shared/mammoth/.venv/bin/activate; \
  echo "Node 6 starting training"; \
  echo "Master node: nid006194"; \
  echo "Master port: 9973"; \
  /scratch/project_462000964/shared/mammoth/.venv/bin/python /scratch/project_462000964/shared/mammoth/train.py  \
	-config /pfs/lustrep1/scratch/project_462000964/members/tiedeman/MARMoT/sandbox/tiedeman/langgroups/eucore2/train.yaml \
	-save_model /pfs/lustrep1/scratch/project_462000964/members/tiedeman/MARMoT/sandbox/tiedeman/langgroups/eucore2/model \
	--node_rank 6 \
	--master_ip nid006194 \
	--master_port 9973 )
echo /pfs/lustrep1/scratch/project_462000964/members/tiedeman/MARMoT/sandbox/tiedeman/langgroups/eucore2/train.yaml
echo /pfs/lustrep1/scratch/project_462000964/members/tiedeman/MARMoT/sandbox/tiedeman/langgroups/eucore2/train.yaml
echo /pfs/lustrep1/scratch/project_462000964/members/tiedeman/MARMoT/sandbox/tiedeman/langgroups/eucore2/train.yaml
/pfs/lustrep1/scratch/project_462000964/members/tiedeman/MARMoT/sandbox/tiedeman/langgroups/eucore2/train.yaml
( source /scratch/project_462000964/shared/mammoth/.venv/bin/activate; \
  echo "Node 7 starting training"; \
  echo "Master node: nid006194"; \
  echo "Master port: 9973"; \
  /scratch/project_462000964/shared/mammoth/.venv/bin/python /scratch/project_462000964/shared/mammoth/train.py  \
	-config /pfs/lustrep1/scratch/project_462000964/members/tiedeman/MARMoT/sandbox/tiedeman/langgroups/eucore2/train.yaml \
	-save_model /pfs/lustrep1/scratch/project_462000964/members/tiedeman/MARMoT/sandbox/tiedeman/langgroups/eucore2/model \
	--node_rank 7 \
	--master_ip nid006194 \
	--master_port 9973 )
/pfs/lustrep1/scratch/project_462000964/members/tiedeman/MARMoT/sandbox/tiedeman/langgroups/eucore2/train.yaml
( source /scratch/project_462000964/shared/mammoth/.venv/bin/activate; \
  echo "Node 3 starting training"; \
  echo "Master node: nid006194"; \
  echo "Master port: 9973"; \
  /scratch/project_462000964/shared/mammoth/.venv/bin/python /scratch/project_462000964/shared/mammoth/train.py  \
	-config /pfs/lustrep1/scratch/project_462000964/members/tiedeman/MARMoT/sandbox/tiedeman/langgroups/eucore2/train.yaml \
	-save_model /pfs/lustrep1/scratch/project_462000964/members/tiedeman/MARMoT/sandbox/tiedeman/langgroups/eucore2/model \
	--node_rank 3 \
	--master_ip nid006194 \
	--master_port 9973 )
/pfs/lustrep1/scratch/project_462000964/members/tiedeman/MARMoT/sandbox/tiedeman/langgroups/eucore2/train.yaml
( source /scratch/project_462000964/shared/mammoth/.venv/bin/activate; \
  echo "Node 1 starting training"; \
  echo "Master node: nid006194"; \
  echo "Master port: 9973"; \
  /scratch/project_462000964/shared/mammoth/.venv/bin/python /scratch/project_462000964/shared/mammoth/train.py  \
	-config /pfs/lustrep1/scratch/project_462000964/members/tiedeman/MARMoT/sandbox/tiedeman/langgroups/eucore2/train.yaml \
	-save_model /pfs/lustrep1/scratch/project_462000964/members/tiedeman/MARMoT/sandbox/tiedeman/langgroups/eucore2/model \
	--node_rank 1 \
	--master_ip nid006194 \
	--master_port 9973 )
echo /pfs/lustrep1/scratch/project_462000964/members/tiedeman/MARMoT/sandbox/tiedeman/langgroups/eucore2/train.yaml
/pfs/lustrep1/scratch/project_462000964/members/tiedeman/MARMoT/sandbox/tiedeman/langgroups/eucore2/train.yaml
( source /scratch/project_462000964/shared/mammoth/.venv/bin/activate; \
  echo "Node 5 starting training"; \
  echo "Master node: nid006194"; \
  echo "Master port: 9973"; \
  /scratch/project_462000964/shared/mammoth/.venv/bin/python /scratch/project_462000964/shared/mammoth/train.py  \
	-config /pfs/lustrep1/scratch/project_462000964/members/tiedeman/MARMoT/sandbox/tiedeman/langgroups/eucore2/train.yaml \
	-save_model /pfs/lustrep1/scratch/project_462000964/members/tiedeman/MARMoT/sandbox/tiedeman/langgroups/eucore2/model \
	--node_rank 5 \
	--master_ip nid006194 \
	--master_port 9973 )
echo /pfs/lustrep1/scratch/project_462000964/members/tiedeman/MARMoT/sandbox/tiedeman/langgroups/eucore2/train.yaml
/pfs/lustrep1/scratch/project_462000964/members/tiedeman/MARMoT/sandbox/tiedeman/langgroups/eucore2/train.yaml
( source /scratch/project_462000964/shared/mammoth/.venv/bin/activate; \
  echo "Node 4 starting training"; \
  echo "Master node: nid006194"; \
  echo "Master port: 9973"; \
  /scratch/project_462000964/shared/mammoth/.venv/bin/python /scratch/project_462000964/shared/mammoth/train.py  \
	-config /pfs/lustrep1/scratch/project_462000964/members/tiedeman/MARMoT/sandbox/tiedeman/langgroups/eucore2/train.yaml \
	-save_model /pfs/lustrep1/scratch/project_462000964/members/tiedeman/MARMoT/sandbox/tiedeman/langgroups/eucore2/model \
	--node_rank 4 \
	--master_ip nid006194 \
	--master_port 9973 )
Node 2 starting training
Master node: nid006194
Master port: 9973
echo /pfs/lustrep1/scratch/project_462000964/members/tiedeman/MARMoT/sandbox/tiedeman/langgroups/eucore2/train.yaml
Node 1 starting training
Master node: nid006194
Master port: 9973
Node 6 starting training
Master node: nid006194
Master port: 9973
Node 3 starting training
Master node: nid006194
Master port: 9973
Node 7 starting training
Master node: nid006194
Master port: 9973
Node 5 starting training
Master node: nid006194
Master port: 9973
/pfs/lustrep1/scratch/project_462000964/members/tiedeman/MARMoT/sandbox/tiedeman/langgroups/eucore2/train.yaml
( source /scratch/project_462000964/shared/mammoth/.venv/bin/activate; \
  echo "Node 8 starting training"; \
  echo "Master node: nid006194"; \
  echo "Master port: 9973"; \
  /scratch/project_462000964/shared/mammoth/.venv/bin/python /scratch/project_462000964/shared/mammoth/train.py  \
	-config /pfs/lustrep1/scratch/project_462000964/members/tiedeman/MARMoT/sandbox/tiedeman/langgroups/eucore2/train.yaml \
	-save_model /pfs/lustrep1/scratch/project_462000964/members/tiedeman/MARMoT/sandbox/tiedeman/langgroups/eucore2/model \
	--node_rank 8 \
	--master_ip nid006194 \
	--master_port 9973 )
Node 4 starting training
Master node: nid006194
Master port: 9973
Node 8 starting training
Master node: nid006194
Master port: 9973
echo /pfs/lustrep1/scratch/project_462000964/members/tiedeman/MARMoT/sandbox/tiedeman/langgroups/eucore2/train.yaml
/pfs/lustrep1/scratch/project_462000964/members/tiedeman/MARMoT/sandbox/tiedeman/langgroups/eucore2/train.yaml
( source /scratch/project_462000964/shared/mammoth/.venv/bin/activate; \
  echo "Node 0 starting training"; \
  echo "Master node: nid006194"; \
  echo "Master port: 9973"; \
  /scratch/project_462000964/shared/mammoth/.venv/bin/python /scratch/project_462000964/shared/mammoth/train.py  \
	-config /pfs/lustrep1/scratch/project_462000964/members/tiedeman/MARMoT/sandbox/tiedeman/langgroups/eucore2/train.yaml \
	-save_model /pfs/lustrep1/scratch/project_462000964/members/tiedeman/MARMoT/sandbox/tiedeman/langgroups/eucore2/model \
	--node_rank 0 \
	--master_ip nid006194 \
	--master_port 9973 )
Node 0 starting training
Master node: nid006194
Master port: 9973
[DEBUG TransformerWrapper] No final_logits_bias provided (final_logits_bias=None)
[DEBUG TransformerWrapper] No final_logits_bias provided (final_logits_bias=None)
[DEBUG TransformerWrapper] No final_logits_bias provided (final_logits_bias=None)
[DEBUG TransformerWrapper] No final_logits_bias provided (final_logits_bias=None)
[DEBUG TransformerWrapper] No final_logits_bias provided (final_logits_bias=None)
[DEBUG TransformerWrapper] No final_logits_bias provided (final_logits_bias=None)
[DEBUG TransformerWrapper] No final_logits_bias provided (final_logits_bias=None)
[DEBUG TransformerWrapper] No final_logits_bias provided (final_logits_bias=None)
[DEBUG TransformerWrapper] No final_logits_bias provided (final_logits_bias=None)
[DEBUG TransformerWrapper] No final_logits_bias provided (final_logits_bias=None)
[DEBUG TransformerWrapper] No final_logits_bias provided (final_logits_bias=None)
[DEBUG TransformerWrapper] No final_logits_bias provided (final_logits_bias=None)
[DEBUG TransformerWrapper] No final_logits_bias provided (final_logits_bias=None)
[DEBUG TransformerWrapper] No final_logits_bias provided (final_logits_bias=None)
[DEBUG TransformerWrapper] No final_logits_bias provided (final_logits_bias=None)
[DEBUG TransformerWrapper] No final_logits_bias provided (final_logits_bias=None)
[DEBUG TransformerWrapper] No final_logits_bias provided (final_logits_bias=None)
[DEBUG TransformerWrapper] No final_logits_bias provided (final_logits_bias=None)
[DEBUG TransformerWrapper] No final_logits_bias provided (final_logits_bias=None)
[DEBUG TransformerWrapper] No final_logits_bias provided (final_logits_bias=None)
[DEBUG TransformerWrapper] No final_logits_bias provided (final_logits_bias=None)
[DEBUG TransformerWrapper] No final_logits_bias provided (final_logits_bias=None)
[DEBUG TransformerWrapper] No final_logits_bias provided (final_logits_bias=None)
[DEBUG TransformerWrapper] No final_logits_bias provided (final_logits_bias=None)
[DEBUG TransformerWrapper] No final_logits_bias provided (final_logits_bias=None)
[DEBUG TransformerWrapper] No final_logits_bias provided (final_logits_bias=None)
[DEBUG TransformerWrapper] No final_logits_bias provided (final_logits_bias=None)
[DEBUG TransformerWrapper] No final_logits_bias provided (final_logits_bias=None)
[DEBUG TransformerWrapper] No final_logits_bias provided (final_logits_bias=None)
[DEBUG TransformerWrapper] No final_logits_bias provided (final_logits_bias=None)
[DEBUG TransformerWrapper] No final_logits_bias provided (final_logits_bias=None)
[DEBUG TransformerWrapper] No final_logits_bias provided (final_logits_bias=None)
[DEBUG TransformerWrapper] No final_logits_bias provided (final_logits_bias=None)
[DEBUG TransformerWrapper] No final_logits_bias provided (final_logits_bias=None)
[DEBUG TransformerWrapper] No final_logits_bias provided (final_logits_bias=None)
[DEBUG TransformerWrapper] No final_logits_bias provided (final_logits_bias=None)
[DEBUG TransformerWrapper] No final_logits_bias provided (final_logits_bias=None)
[DEBUG TransformerWrapper] No final_logits_bias provided (final_logits_bias=None)
[DEBUG TransformerWrapper] No final_logits_bias provided (final_logits_bias=None)
[DEBUG TransformerWrapper] No final_logits_bias provided (final_logits_bias=None)
[DEBUG TransformerWrapper] No final_logits_bias provided (final_logits_bias=None)
[DEBUG TransformerWrapper] No final_logits_bias provided (final_logits_bias=None)
[DEBUG TransformerWrapper] No final_logits_bias provided (final_logits_bias=None)
[DEBUG TransformerWrapper] No final_logits_bias provided (final_logits_bias=None)
[DEBUG TransformerWrapper] No final_logits_bias provided (final_logits_bias=None)
[DEBUG TransformerWrapper] No final_logits_bias provided (final_logits_bias=None)
[DEBUG TransformerWrapper] No final_logits_bias provided (final_logits_bias=None)
[DEBUG TransformerWrapper] No final_logits_bias provided (final_logits_bias=None)
[DEBUG TransformerWrapper] No final_logits_bias provided (final_logits_bias=None)
[DEBUG TransformerWrapper] No final_logits_bias provided (final_logits_bias=None)
[DEBUG TransformerWrapper] No final_logits_bias provided (final_logits_bias=None)
[DEBUG TransformerWrapper] No final_logits_bias provided (final_logits_bias=None)
[DEBUG TransformerWrapper] No final_logits_bias provided (final_logits_bias=None)
[DEBUG TransformerWrapper] No final_logits_bias provided (final_logits_bias=None)
[DEBUG TransformerWrapper] No final_logits_bias provided (final_logits_bias=None)
[DEBUG TransformerWrapper] No final_logits_bias provided (final_logits_bias=None)
[DEBUG TransformerWrapper] No final_logits_bias provided (final_logits_bias=None)
[DEBUG TransformerWrapper] No final_logits_bias provided (final_logits_bias=None)
[DEBUG TransformerWrapper] No final_logits_bias provided (final_logits_bias=None)
[DEBUG TransformerWrapper] No final_logits_bias provided (final_logits_bias=None)
[DEBUG TransformerWrapper] No final_logits_bias provided (final_logits_bias=None)
[DEBUG TransformerWrapper] No final_logits_bias provided (final_logits_bias=None)
[DEBUG TransformerWrapper] No final_logits_bias provided (final_logits_bias=None)
[DEBUG TransformerWrapper] No final_logits_bias provided (final_logits_bias=None)
[DEBUG TransformerWrapper] No final_logits_bias provided (final_logits_bias=None)
[DEBUG TransformerWrapper] No final_logits_bias provided (final_logits_bias=None)
[DEBUG TransformerWrapper] No final_logits_bias provided (final_logits_bias=None)
[DEBUG TransformerWrapper] No final_logits_bias provided (final_logits_bias=None)
[DEBUG TransformerWrapper] No final_logits_bias provided (final_logits_bias=None)
[DEBUG TransformerWrapper] No final_logits_bias provided (final_logits_bias=None)
[DEBUG TransformerWrapper] No final_logits_bias provided (final_logits_bias=None)
[DEBUG TransformerWrapper] No final_logits_bias provided (final_logits_bias=None)
[DEBUG TransformerWrapper] No final_logits_bias provided (final_logits_bias=None)
[DEBUG TransformerWrapper] No final_logits_bias provided (final_logits_bias=None)
[DEBUG TransformerWrapper] No final_logits_bias provided (final_logits_bias=None)
[DEBUG TransformerWrapper] No final_logits_bias provided (final_logits_bias=None)
[DEBUG TransformerWrapper] No final_logits_bias provided (final_logits_bias=None)
[DEBUG TransformerWrapper] No final_logits_bias provided (final_logits_bias=None)
[DEBUG TransformerWrapper] No final_logits_bias provided (final_logits_bias=None)
[DEBUG TransformerWrapper] No final_logits_bias provided (final_logits_bias=None)
[DEBUG TransformerWrapper] No final_logits_bias provided (final_logits_bias=None)
[DEBUG TransformerWrapper] No final_logits_bias provided (final_logits_bias=None)
[DEBUG TransformerWrapper] No final_logits_bias provided (final_logits_bias=None)
[DEBUG TransformerWrapper] No final_logits_bias provided (final_logits_bias=None)
[DEBUG TransformerWrapper] No final_logits_bias provided (final_logits_bias=None)
[DEBUG TransformerWrapper] No final_logits_bias provided (final_logits_bias=None)
[DEBUG TransformerWrapper] No final_logits_bias provided (final_logits_bias=None)
[DEBUG TransformerWrapper] No final_logits_bias provided (final_logits_bias=None)
[DEBUG TransformerWrapper] No final_logits_bias provided (final_logits_bias=None)
[DEBUG TransformerWrapper] No final_logits_bias provided (final_logits_bias=None)
[DEBUG TransformerWrapper] No final_logits_bias provided (final_logits_bias=None)
[DEBUG TransformerWrapper] No final_logits_bias provided (final_logits_bias=None)
[DEBUG TransformerWrapper] No final_logits_bias provided (final_logits_bias=None)
[DEBUG TransformerWrapper] No final_logits_bias provided (final_logits_bias=None)
[DEBUG TransformerWrapper] No final_logits_bias provided (final_logits_bias=None)
[DEBUG TransformerWrapper] No final_logits_bias provided (final_logits_bias=None)
[DEBUG TransformerWrapper] No final_logits_bias provided (final_logits_bias=None)
[DEBUG TransformerWrapper] No final_logits_bias provided (final_logits_bias=None)
[DEBUG TransformerWrapper] No final_logits_bias provided (final_logits_bias=None)
[DEBUG TransformerWrapper] No final_logits_bias provided (final_logits_bias=None)
[DEBUG TransformerWrapper] No final_logits_bias provided (final_logits_bias=None)
[DEBUG TransformerWrapper] No final_logits_bias provided (final_logits_bias=None)
[DEBUG TransformerWrapper] No final_logits_bias provided (final_logits_bias=None)
[DEBUG TransformerWrapper] No final_logits_bias provided (final_logits_bias=None)
[DEBUG TransformerWrapper] No final_logits_bias provided (final_logits_bias=None)
[DEBUG TransformerWrapper] No final_logits_bias provided (final_logits_bias=None)
[DEBUG TransformerWrapper] No final_logits_bias provided (final_logits_bias=None)
[DEBUG TransformerWrapper] No final_logits_bias provided (final_logits_bias=None)
[DEBUG TransformerWrapper] No final_logits_bias provided (final_logits_bias=None)
[DEBUG TransformerWrapper] No final_logits_bias provided (final_logits_bias=None)
[DEBUG TransformerWrapper] No final_logits_bias provided (final_logits_bias=None)
[DEBUG TransformerWrapper] No final_logits_bias provided (final_logits_bias=None)
[DEBUG TransformerWrapper] No final_logits_bias provided (final_logits_bias=None)
[DEBUG TransformerWrapper] No final_logits_bias provided (final_logits_bias=None)
[DEBUG TransformerWrapper] No final_logits_bias provided (final_logits_bias=None)
[DEBUG TransformerWrapper] No final_logits_bias provided (final_logits_bias=None)
[DEBUG TransformerWrapper] No final_logits_bias provided (final_logits_bias=None)
[DEBUG TransformerWrapper] No final_logits_bias provided (final_logits_bias=None)
[DEBUG TransformerWrapper] No final_logits_bias provided (final_logits_bias=None)
[DEBUG TransformerWrapper] No final_logits_bias provided (final_logits_bias=None)
[DEBUG TransformerWrapper] No final_logits_bias provided (final_logits_bias=None)
[DEBUG TransformerWrapper] No final_logits_bias provided (final_logits_bias=None)
[DEBUG TransformerWrapper] No final_logits_bias provided (final_logits_bias=None)
[DEBUG TransformerWrapper] No final_logits_bias provided (final_logits_bias=None)
[DEBUG TransformerWrapper] No final_logits_bias provided (final_logits_bias=None)
[DEBUG TransformerWrapper] No final_logits_bias provided (final_logits_bias=None)
[DEBUG TransformerWrapper] No final_logits_bias provided (final_logits_bias=None)
[DEBUG TransformerWrapper] No final_logits_bias provided (final_logits_bias=None)
[DEBUG TransformerWrapper] No final_logits_bias provided (final_logits_bias=None)
[DEBUG TransformerWrapper] No final_logits_bias provided (final_logits_bias=None)
[DEBUG TransformerWrapper] No final_logits_bias provided (final_logits_bias=None)
[DEBUG TransformerWrapper] No final_logits_bias provided (final_logits_bias=None)
[DEBUG TransformerWrapper] No final_logits_bias provided (final_logits_bias=None)
[DEBUG TransformerWrapper] No final_logits_bias provided (final_logits_bias=None)
[DEBUG TransformerWrapper] No final_logits_bias provided (final_logits_bias=None)
[DEBUG TransformerWrapper] No final_logits_bias provided (final_logits_bias=None)
[DEBUG TransformerWrapper] No final_logits_bias provided (final_logits_bias=None)
[DEBUG TransformerWrapper] No final_logits_bias provided (final_logits_bias=None)
[DEBUG TransformerWrapper] No final_logits_bias provided (final_logits_bias=None)
[DEBUG TransformerWrapper] No final_logits_bias provided (final_logits_bias=None)
[DEBUG TransformerWrapper] No final_logits_bias provided (final_logits_bias=None)
[DEBUG TransformerWrapper] No final_logits_bias provided (final_logits_bias=None)
[DEBUG TransformerWrapper] No final_logits_bias provided (final_logits_bias=None)
[DEBUG TransformerWrapper] No final_logits_bias provided (final_logits_bias=None)
abort_function called at Tue Jan  6 15:54:22 EET 2026
GPU 0: 13148.92 Wh, avg power: 273.91 W (172814.93 s)
GPU 2: 12344.90 Wh, avg power: 257.16 W (172814.93 s)
GPU 4: 12294.99 Wh, avg power: 256.12 W (172814.93 s)
GPU 6: 11894.19 Wh, avg power: 247.77 W (172814.93 s)
TOTAL: 49682.99 Wh
