Starting at Mon Jan  5 21:25:59 EET 2026
Master node: nid007396
Master port: 9973
Node list: nid[007396-007404]
make: Entering directory '/pfs/lustrep1/scratch/project_462000964/members/tiedeman/MARMoT/sandbox/tiedeman/european'
make: Entering directory '/pfs/lustrep1/scratch/project_462000964/members/tiedeman/MARMoT/sandbox/tiedeman/european'
make: Entering directory '/pfs/lustrep1/scratch/project_462000964/members/tiedeman/MARMoT/sandbox/tiedeman/european'
make: Entering directory '/pfs/lustrep1/scratch/project_462000964/members/tiedeman/MARMoT/sandbox/tiedeman/european'
make: Entering directory '/pfs/lustrep1/scratch/project_462000964/members/tiedeman/MARMoT/sandbox/tiedeman/european'
make: Entering directory '/pfs/lustrep1/scratch/project_462000964/members/tiedeman/MARMoT/sandbox/tiedeman/european'
make: Entering directory '/pfs/lustrep1/scratch/project_462000964/members/tiedeman/MARMoT/sandbox/tiedeman/european'
make: Entering directory '/pfs/lustrep1/scratch/project_462000964/members/tiedeman/MARMoT/sandbox/tiedeman/european'
make: Entering directory '/pfs/lustrep1/scratch/project_462000964/members/tiedeman/MARMoT/sandbox/tiedeman/european'
singularity exec \
	--env MASTER_NODE="nid007396" \
	--env MASTER_PORT="9973" \
	-B /pfs/lustrep1/scratch/project_462000964/members/tiedeman/MARMoT/sandbox/tiedeman/european/shared:/pfs/lustrep1/scratch/project_462000964/members/tiedeman/MARMoT/sandbox/tiedeman/european/shared:rw \
	-B /scratch/project_462000964/shared/mammoth:/scratch/project_462000964/shared/mammoth:ro \
	-B /scratch/project_462000964/MARMoT:/scratch/project_462000964/MARMoT:ro \
	-B /pfs/lustrep1/scratch/project_462000964/members/tiedeman/MARMoT/make:/pfs/lustrep1/scratch/project_462000964/members/tiedeman/MARMoT/make:ro \
	-B /dev/shm:/dev/shm:rw \
	/appl/local/containers/sif-images/lumi-pytorch-rocm-6.2.4-python-3.12-pytorch-v2.7.1.sif \
	/usr/bin/make MASTER_NODE=nid007396 MASTER_PORT=9973 multi-node-train
singularity exec \
	--env MASTER_NODE="nid007396" \
	--env MASTER_PORT="9973" \
	-B /pfs/lustrep1/scratch/project_462000964/members/tiedeman/MARMoT/sandbox/tiedeman/european/shared:/pfs/lustrep1/scratch/project_462000964/members/tiedeman/MARMoT/sandbox/tiedeman/european/shared:rw \
	-B /scratch/project_462000964/shared/mammoth:/scratch/project_462000964/shared/mammoth:ro \
	-B /scratch/project_462000964/MARMoT:/scratch/project_462000964/MARMoT:ro \
	-B /pfs/lustrep1/scratch/project_462000964/members/tiedeman/MARMoT/make:/pfs/lustrep1/scratch/project_462000964/members/tiedeman/MARMoT/make:ro \
	-B /dev/shm:/dev/shm:rw \
	/appl/local/containers/sif-images/lumi-pytorch-rocm-6.2.4-python-3.12-pytorch-v2.7.1.sif \
	/usr/bin/make MASTER_NODE=nid007396 MASTER_PORT=9973 multi-node-train
singularity exec \
	--env MASTER_NODE="nid007396" \
	--env MASTER_PORT="9973" \
	-B /pfs/lustrep1/scratch/project_462000964/members/tiedeman/MARMoT/sandbox/tiedeman/european/shared:/pfs/lustrep1/scratch/project_462000964/members/tiedeman/MARMoT/sandbox/tiedeman/european/shared:rw \
	-B /scratch/project_462000964/shared/mammoth:/scratch/project_462000964/shared/mammoth:ro \
	-B /scratch/project_462000964/MARMoT:/scratch/project_462000964/MARMoT:ro \
	-B /pfs/lustrep1/scratch/project_462000964/members/tiedeman/MARMoT/make:/pfs/lustrep1/scratch/project_462000964/members/tiedeman/MARMoT/make:ro \
	-B /dev/shm:/dev/shm:rw \
	/appl/local/containers/sif-images/lumi-pytorch-rocm-6.2.4-python-3.12-pytorch-v2.7.1.sif \
	/usr/bin/make MASTER_NODE=nid007396 MASTER_PORT=9973 multi-node-train
singularity exec \
	--env MASTER_NODE="nid007396" \
	--env MASTER_PORT="9973" \
	-B /pfs/lustrep1/scratch/project_462000964/members/tiedeman/MARMoT/sandbox/tiedeman/european/shared:/pfs/lustrep1/scratch/project_462000964/members/tiedeman/MARMoT/sandbox/tiedeman/european/shared:rw \
	-B /scratch/project_462000964/shared/mammoth:/scratch/project_462000964/shared/mammoth:ro \
	-B /scratch/project_462000964/MARMoT:/scratch/project_462000964/MARMoT:ro \
	-B /pfs/lustrep1/scratch/project_462000964/members/tiedeman/MARMoT/make:/pfs/lustrep1/scratch/project_462000964/members/tiedeman/MARMoT/make:ro \
	-B /dev/shm:/dev/shm:rw \
	/appl/local/containers/sif-images/lumi-pytorch-rocm-6.2.4-python-3.12-pytorch-v2.7.1.sif \
	/usr/bin/make MASTER_NODE=nid007396 MASTER_PORT=9973 multi-node-train
singularity exec \
	--env MASTER_NODE="nid007396" \
	--env MASTER_PORT="9973" \
	-B /pfs/lustrep1/scratch/project_462000964/members/tiedeman/MARMoT/sandbox/tiedeman/european/shared:/pfs/lustrep1/scratch/project_462000964/members/tiedeman/MARMoT/sandbox/tiedeman/european/shared:rw \
	-B /scratch/project_462000964/shared/mammoth:/scratch/project_462000964/shared/mammoth:ro \
	-B /scratch/project_462000964/MARMoT:/scratch/project_462000964/MARMoT:ro \
	-B /pfs/lustrep1/scratch/project_462000964/members/tiedeman/MARMoT/make:/pfs/lustrep1/scratch/project_462000964/members/tiedeman/MARMoT/make:ro \
	-B /dev/shm:/dev/shm:rw \
	/appl/local/containers/sif-images/lumi-pytorch-rocm-6.2.4-python-3.12-pytorch-v2.7.1.sif \
	/usr/bin/make MASTER_NODE=nid007396 MASTER_PORT=9973 multi-node-train
singularity exec \
	--env MASTER_NODE="nid007396" \
	--env MASTER_PORT="9973" \
	-B /pfs/lustrep1/scratch/project_462000964/members/tiedeman/MARMoT/sandbox/tiedeman/european/shared:/pfs/lustrep1/scratch/project_462000964/members/tiedeman/MARMoT/sandbox/tiedeman/european/shared:rw \
	-B /scratch/project_462000964/shared/mammoth:/scratch/project_462000964/shared/mammoth:ro \
	-B /scratch/project_462000964/MARMoT:/scratch/project_462000964/MARMoT:ro \
	-B /pfs/lustrep1/scratch/project_462000964/members/tiedeman/MARMoT/make:/pfs/lustrep1/scratch/project_462000964/members/tiedeman/MARMoT/make:ro \
	-B /dev/shm:/dev/shm:rw \
	/appl/local/containers/sif-images/lumi-pytorch-rocm-6.2.4-python-3.12-pytorch-v2.7.1.sif \
	/usr/bin/make MASTER_NODE=nid007396 MASTER_PORT=9973 multi-node-train
singularity exec \
	--env MASTER_NODE="nid007396" \
	--env MASTER_PORT="9973" \
	-B /pfs/lustrep1/scratch/project_462000964/members/tiedeman/MARMoT/sandbox/tiedeman/european/shared:/pfs/lustrep1/scratch/project_462000964/members/tiedeman/MARMoT/sandbox/tiedeman/european/shared:rw \
	-B /scratch/project_462000964/shared/mammoth:/scratch/project_462000964/shared/mammoth:ro \
	-B /scratch/project_462000964/MARMoT:/scratch/project_462000964/MARMoT:ro \
	-B /pfs/lustrep1/scratch/project_462000964/members/tiedeman/MARMoT/make:/pfs/lustrep1/scratch/project_462000964/members/tiedeman/MARMoT/make:ro \
	-B /dev/shm:/dev/shm:rw \
	/appl/local/containers/sif-images/lumi-pytorch-rocm-6.2.4-python-3.12-pytorch-v2.7.1.sif \
	/usr/bin/make MASTER_NODE=nid007396 MASTER_PORT=9973 multi-node-train
singularity exec \
	--env MASTER_NODE="nid007396" \
	--env MASTER_PORT="9973" \
	-B /pfs/lustrep1/scratch/project_462000964/members/tiedeman/MARMoT/sandbox/tiedeman/european/shared:/pfs/lustrep1/scratch/project_462000964/members/tiedeman/MARMoT/sandbox/tiedeman/european/shared:rw \
	-B /scratch/project_462000964/shared/mammoth:/scratch/project_462000964/shared/mammoth:ro \
	-B /scratch/project_462000964/MARMoT:/scratch/project_462000964/MARMoT:ro \
	-B /pfs/lustrep1/scratch/project_462000964/members/tiedeman/MARMoT/make:/pfs/lustrep1/scratch/project_462000964/members/tiedeman/MARMoT/make:ro \
	-B /dev/shm:/dev/shm:rw \
	/appl/local/containers/sif-images/lumi-pytorch-rocm-6.2.4-python-3.12-pytorch-v2.7.1.sif \
	/usr/bin/make MASTER_NODE=nid007396 MASTER_PORT=9973 multi-node-train
singularity exec \
	--env MASTER_NODE="nid007396" \
	--env MASTER_PORT="9973" \
	-B /pfs/lustrep1/scratch/project_462000964/members/tiedeman/MARMoT/sandbox/tiedeman/european/shared:/pfs/lustrep1/scratch/project_462000964/members/tiedeman/MARMoT/sandbox/tiedeman/european/shared:rw \
	-B /scratch/project_462000964/shared/mammoth:/scratch/project_462000964/shared/mammoth:ro \
	-B /scratch/project_462000964/MARMoT:/scratch/project_462000964/MARMoT:ro \
	-B /pfs/lustrep1/scratch/project_462000964/members/tiedeman/MARMoT/make:/pfs/lustrep1/scratch/project_462000964/members/tiedeman/MARMoT/make:ro \
	-B /dev/shm:/dev/shm:rw \
	/appl/local/containers/sif-images/lumi-pytorch-rocm-6.2.4-python-3.12-pytorch-v2.7.1.sif \
	/usr/bin/make MASTER_NODE=nid007396 MASTER_PORT=9973 multi-node-train
make[1]: Entering directory '/pfs/lustrep1/scratch/project_462000964/members/tiedeman/MARMoT/sandbox/tiedeman/european'
echo /pfs/lustrep1/scratch/project_462000964/members/tiedeman/MARMoT/sandbox/tiedeman/european/shared/train.yaml
/pfs/lustrep1/scratch/project_462000964/members/tiedeman/MARMoT/sandbox/tiedeman/european/shared/train.yaml
( source /scratch/project_462000964/shared/mammoth/.venv/bin/activate; \
  echo "Node 6 starting training"; \
  echo "Master node: nid007396"; \
  echo "Master port: 9973"; \
  /scratch/project_462000964/shared/mammoth/.venv/bin/python /scratch/project_462000964/shared/mammoth/train.py  \
	-config /pfs/lustrep1/scratch/project_462000964/members/tiedeman/MARMoT/sandbox/tiedeman/european/shared/train.yaml \
	-save_model /pfs/lustrep1/scratch/project_462000964/members/tiedeman/MARMoT/sandbox/tiedeman/european/shared/model \
	--node_rank 6 \
	--master_ip nid007396 \
	--master_port 9973 )
Node 6 starting training
Master node: nid007396
Master port: 9973
make[1]: Entering directory '/pfs/lustrep1/scratch/project_462000964/members/tiedeman/MARMoT/sandbox/tiedeman/european'
echo /pfs/lustrep1/scratch/project_462000964/members/tiedeman/MARMoT/sandbox/tiedeman/european/shared/train.yaml
/pfs/lustrep1/scratch/project_462000964/members/tiedeman/MARMoT/sandbox/tiedeman/european/shared/train.yaml
( source /scratch/project_462000964/shared/mammoth/.venv/bin/activate; \
  echo "Node 0 starting training"; \
  echo "Master node: nid007396"; \
  echo "Master port: 9973"; \
  /scratch/project_462000964/shared/mammoth/.venv/bin/python /scratch/project_462000964/shared/mammoth/train.py  \
	-config /pfs/lustrep1/scratch/project_462000964/members/tiedeman/MARMoT/sandbox/tiedeman/european/shared/train.yaml \
	-save_model /pfs/lustrep1/scratch/project_462000964/members/tiedeman/MARMoT/sandbox/tiedeman/european/shared/model \
	--node_rank 0 \
	--master_ip nid007396 \
	--master_port 9973 )
Node 0 starting training
Master node: nid007396
Master port: 9973
make[1]: Entering directory '/pfs/lustrep1/scratch/project_462000964/members/tiedeman/MARMoT/sandbox/tiedeman/european'
make[1]: Entering directory '/pfs/lustrep1/scratch/project_462000964/members/tiedeman/MARMoT/sandbox/tiedeman/european'
make[1]: Entering directory '/pfs/lustrep1/scratch/project_462000964/members/tiedeman/MARMoT/sandbox/tiedeman/european'
make[1]: Entering directory '/pfs/lustrep1/scratch/project_462000964/members/tiedeman/MARMoT/sandbox/tiedeman/european'
make[1]: Entering directory '/pfs/lustrep1/scratch/project_462000964/members/tiedeman/MARMoT/sandbox/tiedeman/european'
echo /pfs/lustrep1/scratch/project_462000964/members/tiedeman/MARMoT/sandbox/tiedeman/european/shared/train.yaml
/pfs/lustrep1/scratch/project_462000964/members/tiedeman/MARMoT/sandbox/tiedeman/european/shared/train.yaml
( source /scratch/project_462000964/shared/mammoth/.venv/bin/activate; \
  echo "Node 8 starting training"; \
  echo "Master node: nid007396"; \
  echo "Master port: 9973"; \
  /scratch/project_462000964/shared/mammoth/.venv/bin/python /scratch/project_462000964/shared/mammoth/train.py  \
	-config /pfs/lustrep1/scratch/project_462000964/members/tiedeman/MARMoT/sandbox/tiedeman/european/shared/train.yaml \
	-save_model /pfs/lustrep1/scratch/project_462000964/members/tiedeman/MARMoT/sandbox/tiedeman/european/shared/model \
	--node_rank 8 \
	--master_ip nid007396 \
	--master_port 9973 )
echo /pfs/lustrep1/scratch/project_462000964/members/tiedeman/MARMoT/sandbox/tiedeman/european/shared/train.yaml
Node 8 starting training
Master node: nid007396
Master port: 9973
/pfs/lustrep1/scratch/project_462000964/members/tiedeman/MARMoT/sandbox/tiedeman/european/shared/train.yaml
( source /scratch/project_462000964/shared/mammoth/.venv/bin/activate; \
  echo "Node 2 starting training"; \
  echo "Master node: nid007396"; \
  echo "Master port: 9973"; \
  /scratch/project_462000964/shared/mammoth/.venv/bin/python /scratch/project_462000964/shared/mammoth/train.py  \
	-config /pfs/lustrep1/scratch/project_462000964/members/tiedeman/MARMoT/sandbox/tiedeman/european/shared/train.yaml \
	-save_model /pfs/lustrep1/scratch/project_462000964/members/tiedeman/MARMoT/sandbox/tiedeman/european/shared/model \
	--node_rank 2 \
	--master_ip nid007396 \
	--master_port 9973 )
echo /pfs/lustrep1/scratch/project_462000964/members/tiedeman/MARMoT/sandbox/tiedeman/european/shared/train.yaml
echo /pfs/lustrep1/scratch/project_462000964/members/tiedeman/MARMoT/sandbox/tiedeman/european/shared/train.yaml
/pfs/lustrep1/scratch/project_462000964/members/tiedeman/MARMoT/sandbox/tiedeman/european/shared/train.yaml
( source /scratch/project_462000964/shared/mammoth/.venv/bin/activate; \
  echo "Node 5 starting training"; \
  echo "Master node: nid007396"; \
  echo "Master port: 9973"; \
  /scratch/project_462000964/shared/mammoth/.venv/bin/python /scratch/project_462000964/shared/mammoth/train.py  \
	-config /pfs/lustrep1/scratch/project_462000964/members/tiedeman/MARMoT/sandbox/tiedeman/european/shared/train.yaml \
	-save_model /pfs/lustrep1/scratch/project_462000964/members/tiedeman/MARMoT/sandbox/tiedeman/european/shared/model \
	--node_rank 5 \
	--master_ip nid007396 \
	--master_port 9973 )
/pfs/lustrep1/scratch/project_462000964/members/tiedeman/MARMoT/sandbox/tiedeman/european/shared/train.yaml
( source /scratch/project_462000964/shared/mammoth/.venv/bin/activate; \
  echo "Node 1 starting training"; \
  echo "Master node: nid007396"; \
  echo "Master port: 9973"; \
  /scratch/project_462000964/shared/mammoth/.venv/bin/python /scratch/project_462000964/shared/mammoth/train.py  \
	-config /pfs/lustrep1/scratch/project_462000964/members/tiedeman/MARMoT/sandbox/tiedeman/european/shared/train.yaml \
	-save_model /pfs/lustrep1/scratch/project_462000964/members/tiedeman/MARMoT/sandbox/tiedeman/european/shared/model \
	--node_rank 1 \
	--master_ip nid007396 \
	--master_port 9973 )
Node 2 starting training
Master node: nid007396
Master port: 9973
Node 5 starting training
Master node: nid007396
Master port: 9973
Node 1 starting training
Master node: nid007396
Master port: 9973
make[1]: Entering directory '/pfs/lustrep1/scratch/project_462000964/members/tiedeman/MARMoT/sandbox/tiedeman/european'
make[1]: Entering directory '/pfs/lustrep1/scratch/project_462000964/members/tiedeman/MARMoT/sandbox/tiedeman/european'
echo /pfs/lustrep1/scratch/project_462000964/members/tiedeman/MARMoT/sandbox/tiedeman/european/shared/train.yaml
/pfs/lustrep1/scratch/project_462000964/members/tiedeman/MARMoT/sandbox/tiedeman/european/shared/train.yaml
( source /scratch/project_462000964/shared/mammoth/.venv/bin/activate; \
  echo "Node 4 starting training"; \
  echo "Master node: nid007396"; \
  echo "Master port: 9973"; \
  /scratch/project_462000964/shared/mammoth/.venv/bin/python /scratch/project_462000964/shared/mammoth/train.py  \
	-config /pfs/lustrep1/scratch/project_462000964/members/tiedeman/MARMoT/sandbox/tiedeman/european/shared/train.yaml \
	-save_model /pfs/lustrep1/scratch/project_462000964/members/tiedeman/MARMoT/sandbox/tiedeman/european/shared/model \
	--node_rank 4 \
	--master_ip nid007396 \
	--master_port 9973 )
Node 4 starting training
Master node: nid007396
Master port: 9973
echo /pfs/lustrep1/scratch/project_462000964/members/tiedeman/MARMoT/sandbox/tiedeman/european/shared/train.yaml
/pfs/lustrep1/scratch/project_462000964/members/tiedeman/MARMoT/sandbox/tiedeman/european/shared/train.yaml
( source /scratch/project_462000964/shared/mammoth/.venv/bin/activate; \
  echo "Node 7 starting training"; \
  echo "Master node: nid007396"; \
  echo "Master port: 9973"; \
  /scratch/project_462000964/shared/mammoth/.venv/bin/python /scratch/project_462000964/shared/mammoth/train.py  \
	-config /pfs/lustrep1/scratch/project_462000964/members/tiedeman/MARMoT/sandbox/tiedeman/european/shared/train.yaml \
	-save_model /pfs/lustrep1/scratch/project_462000964/members/tiedeman/MARMoT/sandbox/tiedeman/european/shared/model \
	--node_rank 7 \
	--master_ip nid007396 \
	--master_port 9973 )
echo /pfs/lustrep1/scratch/project_462000964/members/tiedeman/MARMoT/sandbox/tiedeman/european/shared/train.yaml
/pfs/lustrep1/scratch/project_462000964/members/tiedeman/MARMoT/sandbox/tiedeman/european/shared/train.yaml
( source /scratch/project_462000964/shared/mammoth/.venv/bin/activate; \
  echo "Node 3 starting training"; \
  echo "Master node: nid007396"; \
  echo "Master port: 9973"; \
  /scratch/project_462000964/shared/mammoth/.venv/bin/python /scratch/project_462000964/shared/mammoth/train.py  \
	-config /pfs/lustrep1/scratch/project_462000964/members/tiedeman/MARMoT/sandbox/tiedeman/european/shared/train.yaml \
	-save_model /pfs/lustrep1/scratch/project_462000964/members/tiedeman/MARMoT/sandbox/tiedeman/european/shared/model \
	--node_rank 3 \
	--master_ip nid007396 \
	--master_port 9973 )
Node 7 starting training
Master node: nid007396
Master port: 9973
Node 3 starting training
Master node: nid007396
Master port: 9973
abort_function called at Tue Jan  6 13:47:38 EET 2026
GPU 0: 4601.10 Wh, avg power: 281.24 W (58895.76 s)
GPU 2: 4146.60 Wh, avg power: 253.46 W (58895.76 s)
GPU 4: 4171.17 Wh, avg power: 254.96 W (58895.76 s)
GPU 6: 4186.23 Wh, avg power: 255.88 W (58895.76 s)
TOTAL: 17105.09 Wh
