Starting at Mon Jan  5 14:34:27 EET 2026
Master node: nid005850
Master port: 9973
Node list: nid[005850-005858]
/pfs/lustrep1/scratch/project_462000964/members/tiedeman/MARMoT/sandbox/tiedeman/european/eucore3/train.yaml
/pfs/lustrep1/scratch/project_462000964/members/tiedeman/MARMoT/sandbox/tiedeman/european/eucore3/train.yaml
/pfs/lustrep1/scratch/project_462000964/members/tiedeman/MARMoT/sandbox/tiedeman/european/eucore3/train.yaml
Node 5 starting training
Master node: nid005850
Master port: 9973
Node 4 starting training
Master node: nid005850
Master port: 9973
Node 2 starting training
Master node: nid005850
Master port: 9973
/pfs/lustrep1/scratch/project_462000964/members/tiedeman/MARMoT/sandbox/tiedeman/european/eucore3/train.yaml
/pfs/lustrep1/scratch/project_462000964/members/tiedeman/MARMoT/sandbox/tiedeman/european/eucore3/train.yaml
/pfs/lustrep1/scratch/project_462000964/members/tiedeman/MARMoT/sandbox/tiedeman/european/eucore3/train.yaml
Node 6 starting training
Master node: nid005850
Master port: 9973
Node 3 starting training
Master node: nid005850
Master port: 9973
Node 8 starting training
Master node: nid005850
Master port: 9973
/pfs/lustrep1/scratch/project_462000964/members/tiedeman/MARMoT/sandbox/tiedeman/european/eucore3/train.yaml
/pfs/lustrep1/scratch/project_462000964/members/tiedeman/MARMoT/sandbox/tiedeman/european/eucore3/train.yaml
Node 0 starting training
Master node: nid005850
Master port: 9973
/pfs/lustrep1/scratch/project_462000964/members/tiedeman/MARMoT/sandbox/tiedeman/european/eucore3/train.yaml
Node 7 starting training
Master node: nid005850
Master port: 9973
Node 1 starting training
Master node: nid005850
Master port: 9973
[DEBUG TransformerWrapper] No final_logits_bias provided (final_logits_bias=None)
[DEBUG TransformerWrapper] No final_logits_bias provided (final_logits_bias=None)
[DEBUG TransformerWrapper] No final_logits_bias provided (final_logits_bias=None)
[DEBUG TransformerWrapper] No final_logits_bias provided (final_logits_bias=None)
[DEBUG TransformerWrapper] No final_logits_bias provided (final_logits_bias=None)
[DEBUG TransformerWrapper] No final_logits_bias provided (final_logits_bias=None)
[DEBUG TransformerWrapper] No final_logits_bias provided (final_logits_bias=None)
[DEBUG TransformerWrapper] No final_logits_bias provided (final_logits_bias=None)
[DEBUG TransformerWrapper] No final_logits_bias provided (final_logits_bias=None)
[DEBUG TransformerWrapper] No final_logits_bias provided (final_logits_bias=None)
[DEBUG TransformerWrapper] No final_logits_bias provided (final_logits_bias=None)
[DEBUG TransformerWrapper] No final_logits_bias provided (final_logits_bias=None)
[DEBUG TransformerWrapper] No final_logits_bias provided (final_logits_bias=None)
[DEBUG TransformerWrapper] No final_logits_bias provided (final_logits_bias=None)
[DEBUG TransformerWrapper] No final_logits_bias provided (final_logits_bias=None)
[DEBUG TransformerWrapper] No final_logits_bias provided (final_logits_bias=None)
[DEBUG TransformerWrapper] No final_logits_bias provided (final_logits_bias=None)
[DEBUG TransformerWrapper] No final_logits_bias provided (final_logits_bias=None)
[DEBUG TransformerWrapper] No final_logits_bias provided (final_logits_bias=None)
[DEBUG TransformerWrapper] No final_logits_bias provided (final_logits_bias=None)
[DEBUG TransformerWrapper] No final_logits_bias provided (final_logits_bias=None)
[DEBUG TransformerWrapper] No final_logits_bias provided (final_logits_bias=None)
[DEBUG TransformerWrapper] No final_logits_bias provided (final_logits_bias=None)
[DEBUG TransformerWrapper] No final_logits_bias provided (final_logits_bias=None)
[DEBUG TransformerWrapper] No final_logits_bias provided (final_logits_bias=None)
[DEBUG TransformerWrapper] No final_logits_bias provided (final_logits_bias=None)
[DEBUG TransformerWrapper] No final_logits_bias provided (final_logits_bias=None)
[DEBUG TransformerWrapper] No final_logits_bias provided (final_logits_bias=None)
[DEBUG TransformerWrapper] No final_logits_bias provided (final_logits_bias=None)
[DEBUG TransformerWrapper] No final_logits_bias provided (final_logits_bias=None)
[DEBUG TransformerWrapper] No final_logits_bias provided (final_logits_bias=None)
[DEBUG TransformerWrapper] No final_logits_bias provided (final_logits_bias=None)
[DEBUG TransformerWrapper] No final_logits_bias provided (final_logits_bias=None)
[DEBUG TransformerWrapper] No final_logits_bias provided (final_logits_bias=None)
[DEBUG TransformerWrapper] No final_logits_bias provided (final_logits_bias=None)
[DEBUG TransformerWrapper] No final_logits_bias provided (final_logits_bias=None)
[DEBUG TransformerWrapper] No final_logits_bias provided (final_logits_bias=None)
[DEBUG TransformerWrapper] No final_logits_bias provided (final_logits_bias=None)
[DEBUG TransformerWrapper] No final_logits_bias provided (final_logits_bias=None)
[DEBUG TransformerWrapper] No final_logits_bias provided (final_logits_bias=None)
[DEBUG TransformerWrapper] No final_logits_bias provided (final_logits_bias=None)
[DEBUG TransformerWrapper] No final_logits_bias provided (final_logits_bias=None)
[DEBUG TransformerWrapper] No final_logits_bias provided (final_logits_bias=None)
[DEBUG TransformerWrapper] No final_logits_bias provided (final_logits_bias=None)
[DEBUG TransformerWrapper] No final_logits_bias provided (final_logits_bias=None)
[DEBUG TransformerWrapper] No final_logits_bias provided (final_logits_bias=None)
[DEBUG TransformerWrapper] No final_logits_bias provided (final_logits_bias=None)
[DEBUG TransformerWrapper] No final_logits_bias provided (final_logits_bias=None)
[DEBUG TransformerWrapper] No final_logits_bias provided (final_logits_bias=None)
[DEBUG TransformerWrapper] No final_logits_bias provided (final_logits_bias=None)
[DEBUG TransformerWrapper] No final_logits_bias provided (final_logits_bias=None)
[DEBUG TransformerWrapper] No final_logits_bias provided (final_logits_bias=None)
[DEBUG TransformerWrapper] No final_logits_bias provided (final_logits_bias=None)
[DEBUG TransformerWrapper] No final_logits_bias provided (final_logits_bias=None)
[DEBUG TransformerWrapper] No final_logits_bias provided (final_logits_bias=None)
[DEBUG TransformerWrapper] No final_logits_bias provided (final_logits_bias=None)
[DEBUG TransformerWrapper] No final_logits_bias provided (final_logits_bias=None)
[DEBUG TransformerWrapper] No final_logits_bias provided (final_logits_bias=None)
[DEBUG TransformerWrapper] No final_logits_bias provided (final_logits_bias=None)
[DEBUG TransformerWrapper] No final_logits_bias provided (final_logits_bias=None)
[DEBUG TransformerWrapper] No final_logits_bias provided (final_logits_bias=None)
[DEBUG TransformerWrapper] No final_logits_bias provided (final_logits_bias=None)
[DEBUG TransformerWrapper] No final_logits_bias provided (final_logits_bias=None)
[DEBUG TransformerWrapper] No final_logits_bias provided (final_logits_bias=None)
[DEBUG TransformerWrapper] No final_logits_bias provided (final_logits_bias=None)
[DEBUG TransformerWrapper] No final_logits_bias provided (final_logits_bias=None)
[DEBUG TransformerWrapper] No final_logits_bias provided (final_logits_bias=None)
[DEBUG TransformerWrapper] No final_logits_bias provided (final_logits_bias=None)
[DEBUG TransformerWrapper] No final_logits_bias provided (final_logits_bias=None)
[DEBUG TransformerWrapper] No final_logits_bias provided (final_logits_bias=None)
[DEBUG TransformerWrapper] No final_logits_bias provided (final_logits_bias=None)
[DEBUG TransformerWrapper] No final_logits_bias provided (final_logits_bias=None)
[DEBUG TransformerWrapper] No final_logits_bias provided (final_logits_bias=None)
[DEBUG TransformerWrapper] No final_logits_bias provided (final_logits_bias=None)
[DEBUG TransformerWrapper] No final_logits_bias provided (final_logits_bias=None)
[DEBUG TransformerWrapper] No final_logits_bias provided (final_logits_bias=None)
[DEBUG TransformerWrapper] No final_logits_bias provided (final_logits_bias=None)
[DEBUG TransformerWrapper] No final_logits_bias provided (final_logits_bias=None)
[DEBUG TransformerWrapper] No final_logits_bias provided (final_logits_bias=None)
[DEBUG TransformerWrapper] No final_logits_bias provided (final_logits_bias=None)
[DEBUG TransformerWrapper] No final_logits_bias provided (final_logits_bias=None)
[DEBUG TransformerWrapper] No final_logits_bias provided (final_logits_bias=None)
[DEBUG TransformerWrapper] No final_logits_bias provided (final_logits_bias=None)
[DEBUG TransformerWrapper] No final_logits_bias provided (final_logits_bias=None)
[DEBUG TransformerWrapper] No final_logits_bias provided (final_logits_bias=None)
[DEBUG TransformerWrapper] No final_logits_bias provided (final_logits_bias=None)
[DEBUG TransformerWrapper] No final_logits_bias provided (final_logits_bias=None)
[DEBUG TransformerWrapper] No final_logits_bias provided (final_logits_bias=None)
[DEBUG TransformerWrapper] No final_logits_bias provided (final_logits_bias=None)
[DEBUG TransformerWrapper] No final_logits_bias provided (final_logits_bias=None)
[DEBUG TransformerWrapper] No final_logits_bias provided (final_logits_bias=None)
[DEBUG TransformerWrapper] No final_logits_bias provided (final_logits_bias=None)
[DEBUG TransformerWrapper] No final_logits_bias provided (final_logits_bias=None)
[DEBUG TransformerWrapper] No final_logits_bias provided (final_logits_bias=None)
[DEBUG TransformerWrapper] No final_logits_bias provided (final_logits_bias=None)
[DEBUG TransformerWrapper] No final_logits_bias provided (final_logits_bias=None)
[DEBUG TransformerWrapper] No final_logits_bias provided (final_logits_bias=None)
[DEBUG TransformerWrapper] No final_logits_bias provided (final_logits_bias=None)
[DEBUG TransformerWrapper] No final_logits_bias provided (final_logits_bias=None)
[DEBUG TransformerWrapper] No final_logits_bias provided (final_logits_bias=None)
[DEBUG TransformerWrapper] No final_logits_bias provided (final_logits_bias=None)
[DEBUG TransformerWrapper] No final_logits_bias provided (final_logits_bias=None)
[DEBUG TransformerWrapper] No final_logits_bias provided (final_logits_bias=None)
[DEBUG TransformerWrapper] No final_logits_bias provided (final_logits_bias=None)
[DEBUG TransformerWrapper] No final_logits_bias provided (final_logits_bias=None)
[DEBUG TransformerWrapper] No final_logits_bias provided (final_logits_bias=None)
[DEBUG TransformerWrapper] No final_logits_bias provided (final_logits_bias=None)
[DEBUG TransformerWrapper] No final_logits_bias provided (final_logits_bias=None)
[DEBUG TransformerWrapper] No final_logits_bias provided (final_logits_bias=None)
[DEBUG TransformerWrapper] No final_logits_bias provided (final_logits_bias=None)
[DEBUG TransformerWrapper] No final_logits_bias provided (final_logits_bias=None)
[DEBUG TransformerWrapper] No final_logits_bias provided (final_logits_bias=None)
[DEBUG TransformerWrapper] No final_logits_bias provided (final_logits_bias=None)
[DEBUG TransformerWrapper] No final_logits_bias provided (final_logits_bias=None)
[DEBUG TransformerWrapper] No final_logits_bias provided (final_logits_bias=None)
[DEBUG TransformerWrapper] No final_logits_bias provided (final_logits_bias=None)
[DEBUG TransformerWrapper] No final_logits_bias provided (final_logits_bias=None)
[DEBUG TransformerWrapper] No final_logits_bias provided (final_logits_bias=None)
[DEBUG TransformerWrapper] No final_logits_bias provided (final_logits_bias=None)
[DEBUG TransformerWrapper] No final_logits_bias provided (final_logits_bias=None)
[DEBUG TransformerWrapper] No final_logits_bias provided (final_logits_bias=None)
[DEBUG TransformerWrapper] No final_logits_bias provided (final_logits_bias=None)
[DEBUG TransformerWrapper] No final_logits_bias provided (final_logits_bias=None)
[DEBUG TransformerWrapper] No final_logits_bias provided (final_logits_bias=None)
[DEBUG TransformerWrapper] No final_logits_bias provided (final_logits_bias=None)
[DEBUG TransformerWrapper] No final_logits_bias provided (final_logits_bias=None)
[DEBUG TransformerWrapper] No final_logits_bias provided (final_logits_bias=None)
[DEBUG TransformerWrapper] No final_logits_bias provided (final_logits_bias=None)
[DEBUG TransformerWrapper] No final_logits_bias provided (final_logits_bias=None)
[DEBUG TransformerWrapper] No final_logits_bias provided (final_logits_bias=None)
[DEBUG TransformerWrapper] No final_logits_bias provided (final_logits_bias=None)
[DEBUG TransformerWrapper] No final_logits_bias provided (final_logits_bias=None)
[DEBUG TransformerWrapper] No final_logits_bias provided (final_logits_bias=None)
[DEBUG TransformerWrapper] No final_logits_bias provided (final_logits_bias=None)
[DEBUG TransformerWrapper] No final_logits_bias provided (final_logits_bias=None)
[DEBUG TransformerWrapper] No final_logits_bias provided (final_logits_bias=None)
[DEBUG TransformerWrapper] No final_logits_bias provided (final_logits_bias=None)
[DEBUG TransformerWrapper] No final_logits_bias provided (final_logits_bias=None)
[DEBUG TransformerWrapper] No final_logits_bias provided (final_logits_bias=None)
[DEBUG TransformerWrapper] No final_logits_bias provided (final_logits_bias=None)
[DEBUG TransformerWrapper] No final_logits_bias provided (final_logits_bias=None)
[DEBUG TransformerWrapper] No final_logits_bias provided (final_logits_bias=None)
[DEBUG TransformerWrapper] No final_logits_bias provided (final_logits_bias=None)
[DEBUG TransformerWrapper] No final_logits_bias provided (final_logits_bias=None)
