Starting at Sun Jan  4 23:22:51 EET 2026
Master node: nid006081
Master port: 9973
Node list: nid[006081-006083]
/pfs/lustrep1/scratch/project_462000964/members/tiedeman/MARMoT/sandbox/tiedeman/eucore/eucore2/train.yaml
Node 2 starting training
Master node: nid006081
Master port: 9973
/pfs/lustrep1/scratch/project_462000964/members/tiedeman/MARMoT/sandbox/tiedeman/eucore/eucore2/train.yaml
/pfs/lustrep1/scratch/project_462000964/members/tiedeman/MARMoT/sandbox/tiedeman/eucore/eucore2/train.yaml
Node 1 starting training
Master node: nid006081
Master port: 9973
Node 0 starting training
Master node: nid006081
Master port: 9973
[DEBUG TransformerWrapper] No final_logits_bias provided (final_logits_bias=None)
[DEBUG TransformerWrapper] No final_logits_bias provided (final_logits_bias=None)
[DEBUG TransformerWrapper] No final_logits_bias provided (final_logits_bias=None)
[DEBUG TransformerWrapper] No final_logits_bias provided (final_logits_bias=None)
[DEBUG TransformerWrapper] No final_logits_bias provided (final_logits_bias=None)
[DEBUG TransformerWrapper] No final_logits_bias provided (final_logits_bias=None)
[DEBUG TransformerWrapper] No final_logits_bias provided (final_logits_bias=None)
[DEBUG TransformerWrapper] No final_logits_bias provided (final_logits_bias=None)
[DEBUG TransformerWrapper] No final_logits_bias provided (final_logits_bias=None)
[DEBUG TransformerWrapper] No final_logits_bias provided (final_logits_bias=None)
[DEBUG TransformerWrapper] No final_logits_bias provided (final_logits_bias=None)
[DEBUG TransformerWrapper] No final_logits_bias provided (final_logits_bias=None)
[DEBUG TransformerWrapper] No final_logits_bias provided (final_logits_bias=None)
[DEBUG TransformerWrapper] No final_logits_bias provided (final_logits_bias=None)
[DEBUG TransformerWrapper] No final_logits_bias provided (final_logits_bias=None)
[DEBUG TransformerWrapper] No final_logits_bias provided (final_logits_bias=None)
[DEBUG TransformerWrapper] No final_logits_bias provided (final_logits_bias=None)
[DEBUG TransformerWrapper] No final_logits_bias provided (final_logits_bias=None)
[DEBUG TransformerWrapper] No final_logits_bias provided (final_logits_bias=None)
[DEBUG TransformerWrapper] No final_logits_bias provided (final_logits_bias=None)
[DEBUG TransformerWrapper] No final_logits_bias provided (final_logits_bias=None)
[DEBUG TransformerWrapper] No final_logits_bias provided (final_logits_bias=None)
[DEBUG TransformerWrapper] No final_logits_bias provided (final_logits_bias=None)
[DEBUG TransformerWrapper] No final_logits_bias provided (final_logits_bias=None)
[DEBUG TransformerWrapper] No final_logits_bias provided (final_logits_bias=None)
[DEBUG TransformerWrapper] No final_logits_bias provided (final_logits_bias=None)
[DEBUG TransformerWrapper] No final_logits_bias provided (final_logits_bias=None)
[DEBUG TransformerWrapper] No final_logits_bias provided (final_logits_bias=None)
[DEBUG TransformerWrapper] No final_logits_bias provided (final_logits_bias=None)
[DEBUG TransformerWrapper] No final_logits_bias provided (final_logits_bias=None)
[DEBUG TransformerWrapper] No final_logits_bias provided (final_logits_bias=None)
[DEBUG TransformerWrapper] No final_logits_bias provided (final_logits_bias=None)
[DEBUG TransformerWrapper] No final_logits_bias provided (final_logits_bias=None)
[DEBUG TransformerWrapper] No final_logits_bias provided (final_logits_bias=None)
[DEBUG TransformerWrapper] No final_logits_bias provided (final_logits_bias=None)
[DEBUG TransformerWrapper] No final_logits_bias provided (final_logits_bias=None)
[DEBUG TransformerWrapper] No final_logits_bias provided (final_logits_bias=None)
[DEBUG TransformerWrapper] No final_logits_bias provided (final_logits_bias=None)
[DEBUG TransformerWrapper] No final_logits_bias provided (final_logits_bias=None)
[DEBUG TransformerWrapper] No final_logits_bias provided (final_logits_bias=None)
[DEBUG TransformerWrapper] No final_logits_bias provided (final_logits_bias=None)
[DEBUG TransformerWrapper] No final_logits_bias provided (final_logits_bias=None)
[DEBUG TransformerWrapper] No final_logits_bias provided (final_logits_bias=None)
[DEBUG TransformerWrapper] No final_logits_bias provided (final_logits_bias=None)
[DEBUG TransformerWrapper] No final_logits_bias provided (final_logits_bias=None)
[DEBUG TransformerWrapper] No final_logits_bias provided (final_logits_bias=None)
[DEBUG TransformerWrapper] No final_logits_bias provided (final_logits_bias=None)
[DEBUG TransformerWrapper] No final_logits_bias provided (final_logits_bias=None)
