Starting at Sat Jan  3 13:09:16 EET 2026
Master node: nid005850
Master port: 9973
Node list: nid[005850-005858]
make: Entering directory '/pfs/lustrep1/scratch/project_462000964/members/tiedeman/MARMoT/sandbox/tiedeman/european'
make: Entering directory '/pfs/lustrep1/scratch/project_462000964/members/tiedeman/MARMoT/sandbox/tiedeman/european'
make: Entering directory '/pfs/lustrep1/scratch/project_462000964/members/tiedeman/MARMoT/sandbox/tiedeman/european'
make: Entering directory '/pfs/lustrep1/scratch/project_462000964/members/tiedeman/MARMoT/sandbox/tiedeman/european'
make: Entering directory '/pfs/lustrep1/scratch/project_462000964/members/tiedeman/MARMoT/sandbox/tiedeman/european'
make: Entering directory '/pfs/lustrep1/scratch/project_462000964/members/tiedeman/MARMoT/sandbox/tiedeman/european'
make: Entering directory '/pfs/lustrep1/scratch/project_462000964/members/tiedeman/MARMoT/sandbox/tiedeman/european'
make: Entering directory '/pfs/lustrep1/scratch/project_462000964/members/tiedeman/MARMoT/sandbox/tiedeman/european'
make: Entering directory '/pfs/lustrep1/scratch/project_462000964/members/tiedeman/MARMoT/sandbox/tiedeman/european'
singularity exec \
	--env MASTER_NODE="nid005850" \
	--env MASTER_PORT="9973" \
	-B /pfs/lustrep1/scratch/project_462000964/members/tiedeman/MARMoT/sandbox/tiedeman/european/eucore:/pfs/lustrep1/scratch/project_462000964/members/tiedeman/MARMoT/sandbox/tiedeman/european/eucore:rw \
	-B /scratch/project_462000964/shared/mammoth:/scratch/project_462000964/shared/mammoth:ro \
	-B /scratch/project_462000964/MARMoT:/scratch/project_462000964/MARMoT:ro \
	-B /pfs/lustrep1/scratch/project_462000964/members/tiedeman/MARMoT/make:/pfs/lustrep1/scratch/project_462000964/members/tiedeman/MARMoT/make:ro \
	-B /dev/shm:/dev/shm:rw \
	/appl/local/containers/sif-images/lumi-pytorch-rocm-6.2.4-python-3.12-pytorch-v2.7.1.sif \
	/usr/bin/make MASTER_NODE=nid005850 MASTER_PORT=9973 multi-node-train
singularity exec \
	--env MASTER_NODE="nid005850" \
	--env MASTER_PORT="9973" \
	-B /pfs/lustrep1/scratch/project_462000964/members/tiedeman/MARMoT/sandbox/tiedeman/european/eucore:/pfs/lustrep1/scratch/project_462000964/members/tiedeman/MARMoT/sandbox/tiedeman/european/eucore:rw \
	-B /scratch/project_462000964/shared/mammoth:/scratch/project_462000964/shared/mammoth:ro \
	-B /scratch/project_462000964/MARMoT:/scratch/project_462000964/MARMoT:ro \
	-B /pfs/lustrep1/scratch/project_462000964/members/tiedeman/MARMoT/make:/pfs/lustrep1/scratch/project_462000964/members/tiedeman/MARMoT/make:ro \
	-B /dev/shm:/dev/shm:rw \
	/appl/local/containers/sif-images/lumi-pytorch-rocm-6.2.4-python-3.12-pytorch-v2.7.1.sif \
	/usr/bin/make MASTER_NODE=nid005850 MASTER_PORT=9973 multi-node-train
singularity exec \
	--env MASTER_NODE="nid005850" \
	--env MASTER_PORT="9973" \
	-B /pfs/lustrep1/scratch/project_462000964/members/tiedeman/MARMoT/sandbox/tiedeman/european/eucore:/pfs/lustrep1/scratch/project_462000964/members/tiedeman/MARMoT/sandbox/tiedeman/european/eucore:rw \
	-B /scratch/project_462000964/shared/mammoth:/scratch/project_462000964/shared/mammoth:ro \
	-B /scratch/project_462000964/MARMoT:/scratch/project_462000964/MARMoT:ro \
	-B /pfs/lustrep1/scratch/project_462000964/members/tiedeman/MARMoT/make:/pfs/lustrep1/scratch/project_462000964/members/tiedeman/MARMoT/make:ro \
	-B /dev/shm:/dev/shm:rw \
	/appl/local/containers/sif-images/lumi-pytorch-rocm-6.2.4-python-3.12-pytorch-v2.7.1.sif \
	/usr/bin/make MASTER_NODE=nid005850 MASTER_PORT=9973 multi-node-train
singularity exec \
	--env MASTER_NODE="nid005850" \
	--env MASTER_PORT="9973" \
	-B /pfs/lustrep1/scratch/project_462000964/members/tiedeman/MARMoT/sandbox/tiedeman/european/eucore:/pfs/lustrep1/scratch/project_462000964/members/tiedeman/MARMoT/sandbox/tiedeman/european/eucore:rw \
	-B /scratch/project_462000964/shared/mammoth:/scratch/project_462000964/shared/mammoth:ro \
	-B /scratch/project_462000964/MARMoT:/scratch/project_462000964/MARMoT:ro \
	-B /pfs/lustrep1/scratch/project_462000964/members/tiedeman/MARMoT/make:/pfs/lustrep1/scratch/project_462000964/members/tiedeman/MARMoT/make:ro \
	-B /dev/shm:/dev/shm:rw \
	/appl/local/containers/sif-images/lumi-pytorch-rocm-6.2.4-python-3.12-pytorch-v2.7.1.sif \
	/usr/bin/make MASTER_NODE=nid005850 MASTER_PORT=9973 multi-node-train
singularity exec \
	--env MASTER_NODE="nid005850" \
	--env MASTER_PORT="9973" \
	-B /pfs/lustrep1/scratch/project_462000964/members/tiedeman/MARMoT/sandbox/tiedeman/european/eucore:/pfs/lustrep1/scratch/project_462000964/members/tiedeman/MARMoT/sandbox/tiedeman/european/eucore:rw \
	-B /scratch/project_462000964/shared/mammoth:/scratch/project_462000964/shared/mammoth:ro \
	-B /scratch/project_462000964/MARMoT:/scratch/project_462000964/MARMoT:ro \
	-B /pfs/lustrep1/scratch/project_462000964/members/tiedeman/MARMoT/make:/pfs/lustrep1/scratch/project_462000964/members/tiedeman/MARMoT/make:ro \
	-B /dev/shm:/dev/shm:rw \
	/appl/local/containers/sif-images/lumi-pytorch-rocm-6.2.4-python-3.12-pytorch-v2.7.1.sif \
	/usr/bin/make MASTER_NODE=nid005850 MASTER_PORT=9973 multi-node-train
singularity exec \
	--env MASTER_NODE="nid005850" \
	--env MASTER_PORT="9973" \
	-B /pfs/lustrep1/scratch/project_462000964/members/tiedeman/MARMoT/sandbox/tiedeman/european/eucore:/pfs/lustrep1/scratch/project_462000964/members/tiedeman/MARMoT/sandbox/tiedeman/european/eucore:rw \
	-B /scratch/project_462000964/shared/mammoth:/scratch/project_462000964/shared/mammoth:ro \
	-B /scratch/project_462000964/MARMoT:/scratch/project_462000964/MARMoT:ro \
	-B /pfs/lustrep1/scratch/project_462000964/members/tiedeman/MARMoT/make:/pfs/lustrep1/scratch/project_462000964/members/tiedeman/MARMoT/make:ro \
	-B /dev/shm:/dev/shm:rw \
	/appl/local/containers/sif-images/lumi-pytorch-rocm-6.2.4-python-3.12-pytorch-v2.7.1.sif \
	/usr/bin/make MASTER_NODE=nid005850 MASTER_PORT=9973 multi-node-train
singularity exec \
	--env MASTER_NODE="nid005850" \
	--env MASTER_PORT="9973" \
	-B /pfs/lustrep1/scratch/project_462000964/members/tiedeman/MARMoT/sandbox/tiedeman/european/eucore:/pfs/lustrep1/scratch/project_462000964/members/tiedeman/MARMoT/sandbox/tiedeman/european/eucore:rw \
	-B /scratch/project_462000964/shared/mammoth:/scratch/project_462000964/shared/mammoth:ro \
	-B /scratch/project_462000964/MARMoT:/scratch/project_462000964/MARMoT:ro \
	-B /pfs/lustrep1/scratch/project_462000964/members/tiedeman/MARMoT/make:/pfs/lustrep1/scratch/project_462000964/members/tiedeman/MARMoT/make:ro \
	-B /dev/shm:/dev/shm:rw \
	/appl/local/containers/sif-images/lumi-pytorch-rocm-6.2.4-python-3.12-pytorch-v2.7.1.sif \
	/usr/bin/make MASTER_NODE=nid005850 MASTER_PORT=9973 multi-node-train
singularity exec \
	--env MASTER_NODE="nid005850" \
	--env MASTER_PORT="9973" \
	-B /pfs/lustrep1/scratch/project_462000964/members/tiedeman/MARMoT/sandbox/tiedeman/european/eucore:/pfs/lustrep1/scratch/project_462000964/members/tiedeman/MARMoT/sandbox/tiedeman/european/eucore:rw \
	-B /scratch/project_462000964/shared/mammoth:/scratch/project_462000964/shared/mammoth:ro \
	-B /scratch/project_462000964/MARMoT:/scratch/project_462000964/MARMoT:ro \
	-B /pfs/lustrep1/scratch/project_462000964/members/tiedeman/MARMoT/make:/pfs/lustrep1/scratch/project_462000964/members/tiedeman/MARMoT/make:ro \
	-B /dev/shm:/dev/shm:rw \
	/appl/local/containers/sif-images/lumi-pytorch-rocm-6.2.4-python-3.12-pytorch-v2.7.1.sif \
	/usr/bin/make MASTER_NODE=nid005850 MASTER_PORT=9973 multi-node-train
singularity exec \
	--env MASTER_NODE="nid005850" \
	--env MASTER_PORT="9973" \
	-B /pfs/lustrep1/scratch/project_462000964/members/tiedeman/MARMoT/sandbox/tiedeman/european/eucore:/pfs/lustrep1/scratch/project_462000964/members/tiedeman/MARMoT/sandbox/tiedeman/european/eucore:rw \
	-B /scratch/project_462000964/shared/mammoth:/scratch/project_462000964/shared/mammoth:ro \
	-B /scratch/project_462000964/MARMoT:/scratch/project_462000964/MARMoT:ro \
	-B /pfs/lustrep1/scratch/project_462000964/members/tiedeman/MARMoT/make:/pfs/lustrep1/scratch/project_462000964/members/tiedeman/MARMoT/make:ro \
	-B /dev/shm:/dev/shm:rw \
	/appl/local/containers/sif-images/lumi-pytorch-rocm-6.2.4-python-3.12-pytorch-v2.7.1.sif \
	/usr/bin/make MASTER_NODE=nid005850 MASTER_PORT=9973 multi-node-train
make[1]: Entering directory '/pfs/lustrep1/scratch/project_462000964/members/tiedeman/MARMoT/sandbox/tiedeman/european'
make[1]: Entering directory '/pfs/lustrep1/scratch/project_462000964/members/tiedeman/MARMoT/sandbox/tiedeman/european'
make[1]: Entering directory '/pfs/lustrep1/scratch/project_462000964/members/tiedeman/MARMoT/sandbox/tiedeman/european'
make[1]: Entering directory '/pfs/lustrep1/scratch/project_462000964/members/tiedeman/MARMoT/sandbox/tiedeman/european'
make[1]: Entering directory '/pfs/lustrep1/scratch/project_462000964/members/tiedeman/MARMoT/sandbox/tiedeman/european'
make[1]: Entering directory '/pfs/lustrep1/scratch/project_462000964/members/tiedeman/MARMoT/sandbox/tiedeman/european'
make[1]: Entering directory '/pfs/lustrep1/scratch/project_462000964/members/tiedeman/MARMoT/sandbox/tiedeman/european'
make[1]: Entering directory '/pfs/lustrep1/scratch/project_462000964/members/tiedeman/MARMoT/sandbox/tiedeman/european'
make[1]: Entering directory '/pfs/lustrep1/scratch/project_462000964/members/tiedeman/MARMoT/sandbox/tiedeman/european'
echo /pfs/lustrep1/scratch/project_462000964/members/tiedeman/MARMoT/sandbox/tiedeman/european/eucore/train.yaml
echo /pfs/lustrep1/scratch/project_462000964/members/tiedeman/MARMoT/sandbox/tiedeman/european/eucore/train.yaml
/pfs/lustrep1/scratch/project_462000964/members/tiedeman/MARMoT/sandbox/tiedeman/european/eucore/train.yaml
( source /scratch/project_462000964/shared/mammoth/.venv/bin/activate; \
  echo "Node 3 starting training"; \
  echo "Master node: nid005850"; \
  echo "Master port: 9973"; \
  /scratch/project_462000964/shared/mammoth/.venv/bin/python /scratch/project_462000964/shared/mammoth/train.py  \
	-config /pfs/lustrep1/scratch/project_462000964/members/tiedeman/MARMoT/sandbox/tiedeman/european/eucore/train.yaml \
	-save_model /pfs/lustrep1/scratch/project_462000964/members/tiedeman/MARMoT/sandbox/tiedeman/european/eucore/model \
	--node_rank 3 \
	--master_ip nid005850 \
	--master_port 9973 )
echo /pfs/lustrep1/scratch/project_462000964/members/tiedeman/MARMoT/sandbox/tiedeman/european/eucore/train.yaml
/pfs/lustrep1/scratch/project_462000964/members/tiedeman/MARMoT/sandbox/tiedeman/european/eucore/train.yaml
( source /scratch/project_462000964/shared/mammoth/.venv/bin/activate; \
  echo "Node 8 starting training"; \
  echo "Master node: nid005850"; \
  echo "Master port: 9973"; \
  /scratch/project_462000964/shared/mammoth/.venv/bin/python /scratch/project_462000964/shared/mammoth/train.py  \
	-config /pfs/lustrep1/scratch/project_462000964/members/tiedeman/MARMoT/sandbox/tiedeman/european/eucore/train.yaml \
	-save_model /pfs/lustrep1/scratch/project_462000964/members/tiedeman/MARMoT/sandbox/tiedeman/european/eucore/model \
	--node_rank 8 \
	--master_ip nid005850 \
	--master_port 9973 )
echo /pfs/lustrep1/scratch/project_462000964/members/tiedeman/MARMoT/sandbox/tiedeman/european/eucore/train.yaml
/pfs/lustrep1/scratch/project_462000964/members/tiedeman/MARMoT/sandbox/tiedeman/european/eucore/train.yaml
( source /scratch/project_462000964/shared/mammoth/.venv/bin/activate; \
  echo "Node 0 starting training"; \
  echo "Master node: nid005850"; \
  echo "Master port: 9973"; \
  /scratch/project_462000964/shared/mammoth/.venv/bin/python /scratch/project_462000964/shared/mammoth/train.py  \
	-config /pfs/lustrep1/scratch/project_462000964/members/tiedeman/MARMoT/sandbox/tiedeman/european/eucore/train.yaml \
	-save_model /pfs/lustrep1/scratch/project_462000964/members/tiedeman/MARMoT/sandbox/tiedeman/european/eucore/model \
	--node_rank 0 \
	--master_ip nid005850 \
	--master_port 9973 )
/pfs/lustrep1/scratch/project_462000964/members/tiedeman/MARMoT/sandbox/tiedeman/european/eucore/train.yaml
echo /pfs/lustrep1/scratch/project_462000964/members/tiedeman/MARMoT/sandbox/tiedeman/european/eucore/train.yaml
echo /pfs/lustrep1/scratch/project_462000964/members/tiedeman/MARMoT/sandbox/tiedeman/european/eucore/train.yaml
( source /scratch/project_462000964/shared/mammoth/.venv/bin/activate; \
  echo "Node 1 starting training"; \
  echo "Master node: nid005850"; \
  echo "Master port: 9973"; \
  /scratch/project_462000964/shared/mammoth/.venv/bin/python /scratch/project_462000964/shared/mammoth/train.py  \
	-config /pfs/lustrep1/scratch/project_462000964/members/tiedeman/MARMoT/sandbox/tiedeman/european/eucore/train.yaml \
	-save_model /pfs/lustrep1/scratch/project_462000964/members/tiedeman/MARMoT/sandbox/tiedeman/european/eucore/model \
	--node_rank 1 \
	--master_ip nid005850 \
	--master_port 9973 )
/pfs/lustrep1/scratch/project_462000964/members/tiedeman/MARMoT/sandbox/tiedeman/european/eucore/train.yaml
( source /scratch/project_462000964/shared/mammoth/.venv/bin/activate; \
  echo "Node 4 starting training"; \
  echo "Master node: nid005850"; \
  echo "Master port: 9973"; \
  /scratch/project_462000964/shared/mammoth/.venv/bin/python /scratch/project_462000964/shared/mammoth/train.py  \
	-config /pfs/lustrep1/scratch/project_462000964/members/tiedeman/MARMoT/sandbox/tiedeman/european/eucore/train.yaml \
	-save_model /pfs/lustrep1/scratch/project_462000964/members/tiedeman/MARMoT/sandbox/tiedeman/european/eucore/model \
	--node_rank 4 \
	--master_ip nid005850 \
	--master_port 9973 )
/pfs/lustrep1/scratch/project_462000964/members/tiedeman/MARMoT/sandbox/tiedeman/european/eucore/train.yaml
( source /scratch/project_462000964/shared/mammoth/.venv/bin/activate; \
  echo "Node 7 starting training"; \
  echo "Master node: nid005850"; \
  echo "Master port: 9973"; \
  /scratch/project_462000964/shared/mammoth/.venv/bin/python /scratch/project_462000964/shared/mammoth/train.py  \
	-config /pfs/lustrep1/scratch/project_462000964/members/tiedeman/MARMoT/sandbox/tiedeman/european/eucore/train.yaml \
	-save_model /pfs/lustrep1/scratch/project_462000964/members/tiedeman/MARMoT/sandbox/tiedeman/european/eucore/model \
	--node_rank 7 \
	--master_ip nid005850 \
	--master_port 9973 )
echo /pfs/lustrep1/scratch/project_462000964/members/tiedeman/MARMoT/sandbox/tiedeman/european/eucore/train.yaml
/pfs/lustrep1/scratch/project_462000964/members/tiedeman/MARMoT/sandbox/tiedeman/european/eucore/train.yaml
( source /scratch/project_462000964/shared/mammoth/.venv/bin/activate; \
  echo "Node 5 starting training"; \
  echo "Master node: nid005850"; \
  echo "Master port: 9973"; \
  /scratch/project_462000964/shared/mammoth/.venv/bin/python /scratch/project_462000964/shared/mammoth/train.py  \
	-config /pfs/lustrep1/scratch/project_462000964/members/tiedeman/MARMoT/sandbox/tiedeman/european/eucore/train.yaml \
	-save_model /pfs/lustrep1/scratch/project_462000964/members/tiedeman/MARMoT/sandbox/tiedeman/european/eucore/model \
	--node_rank 5 \
	--master_ip nid005850 \
	--master_port 9973 )
Node 8 starting training
Master node: nid005850
Master port: 9973
Node 1 starting training
Master node: nid005850
Master port: 9973
Node 3 starting training
Master node: nid005850
Master port: 9973
Node 0 starting training
Master node: nid005850
Master port: 9973
Node 7 starting training
Master node: nid005850
Master port: 9973
Node 4 starting training
Master node: nid005850
Master port: 9973
Node 5 starting training
Master node: nid005850
Master port: 9973
echo /pfs/lustrep1/scratch/project_462000964/members/tiedeman/MARMoT/sandbox/tiedeman/european/eucore/train.yaml
/pfs/lustrep1/scratch/project_462000964/members/tiedeman/MARMoT/sandbox/tiedeman/european/eucore/train.yaml
( source /scratch/project_462000964/shared/mammoth/.venv/bin/activate; \
  echo "Node 2 starting training"; \
  echo "Master node: nid005850"; \
  echo "Master port: 9973"; \
  /scratch/project_462000964/shared/mammoth/.venv/bin/python /scratch/project_462000964/shared/mammoth/train.py  \
	-config /pfs/lustrep1/scratch/project_462000964/members/tiedeman/MARMoT/sandbox/tiedeman/european/eucore/train.yaml \
	-save_model /pfs/lustrep1/scratch/project_462000964/members/tiedeman/MARMoT/sandbox/tiedeman/european/eucore/model \
	--node_rank 2 \
	--master_ip nid005850 \
	--master_port 9973 )
Node 2 starting training
Master node: nid005850
Master port: 9973
echo /pfs/lustrep1/scratch/project_462000964/members/tiedeman/MARMoT/sandbox/tiedeman/european/eucore/train.yaml
/pfs/lustrep1/scratch/project_462000964/members/tiedeman/MARMoT/sandbox/tiedeman/european/eucore/train.yaml
( source /scratch/project_462000964/shared/mammoth/.venv/bin/activate; \
  echo "Node 6 starting training"; \
  echo "Master node: nid005850"; \
  echo "Master port: 9973"; \
  /scratch/project_462000964/shared/mammoth/.venv/bin/python /scratch/project_462000964/shared/mammoth/train.py  \
	-config /pfs/lustrep1/scratch/project_462000964/members/tiedeman/MARMoT/sandbox/tiedeman/european/eucore/train.yaml \
	-save_model /pfs/lustrep1/scratch/project_462000964/members/tiedeman/MARMoT/sandbox/tiedeman/european/eucore/model \
	--node_rank 6 \
	--master_ip nid005850 \
	--master_port 9973 )
Node 6 starting training
Master node: nid005850
Master port: 9973
[DEBUG TransformerWrapper] No final_logits_bias provided (final_logits_bias=None)
[DEBUG TransformerWrapper] No final_logits_bias provided (final_logits_bias=None)
[DEBUG TransformerWrapper] No final_logits_bias provided (final_logits_bias=None)
[DEBUG TransformerWrapper] No final_logits_bias provided (final_logits_bias=None)
[DEBUG TransformerWrapper] No final_logits_bias provided (final_logits_bias=None)
[DEBUG TransformerWrapper] No final_logits_bias provided (final_logits_bias=None)
[DEBUG TransformerWrapper] No final_logits_bias provided (final_logits_bias=None)
[DEBUG TransformerWrapper] No final_logits_bias provided (final_logits_bias=None)
[DEBUG TransformerWrapper] No final_logits_bias provided (final_logits_bias=None)
[DEBUG TransformerWrapper] No final_logits_bias provided (final_logits_bias=None)
[DEBUG TransformerWrapper] No final_logits_bias provided (final_logits_bias=None)
[DEBUG TransformerWrapper] No final_logits_bias provided (final_logits_bias=None)
[DEBUG TransformerWrapper] No final_logits_bias provided (final_logits_bias=None)
[DEBUG TransformerWrapper] No final_logits_bias provided (final_logits_bias=None)
[DEBUG TransformerWrapper] No final_logits_bias provided (final_logits_bias=None)
[DEBUG TransformerWrapper] No final_logits_bias provided (final_logits_bias=None)
[DEBUG TransformerWrapper] No final_logits_bias provided (final_logits_bias=None)
[DEBUG TransformerWrapper] No final_logits_bias provided (final_logits_bias=None)
[DEBUG TransformerWrapper] No final_logits_bias provided (final_logits_bias=None)
[DEBUG TransformerWrapper] No final_logits_bias provided (final_logits_bias=None)
[DEBUG TransformerWrapper] No final_logits_bias provided (final_logits_bias=None)
[DEBUG TransformerWrapper] No final_logits_bias provided (final_logits_bias=None)
[DEBUG TransformerWrapper] No final_logits_bias provided (final_logits_bias=None)
[DEBUG TransformerWrapper] No final_logits_bias provided (final_logits_bias=None)
[DEBUG TransformerWrapper] No final_logits_bias provided (final_logits_bias=None)
[DEBUG TransformerWrapper] No final_logits_bias provided (final_logits_bias=None)
[DEBUG TransformerWrapper] No final_logits_bias provided (final_logits_bias=None)
[DEBUG TransformerWrapper] No final_logits_bias provided (final_logits_bias=None)
[DEBUG TransformerWrapper] No final_logits_bias provided (final_logits_bias=None)
[DEBUG TransformerWrapper] No final_logits_bias provided (final_logits_bias=None)
[DEBUG TransformerWrapper] No final_logits_bias provided (final_logits_bias=None)
[DEBUG TransformerWrapper] No final_logits_bias provided (final_logits_bias=None)
[DEBUG TransformerWrapper] No final_logits_bias provided (final_logits_bias=None)
[DEBUG TransformerWrapper] No final_logits_bias provided (final_logits_bias=None)
[DEBUG TransformerWrapper] No final_logits_bias provided (final_logits_bias=None)
[DEBUG TransformerWrapper] No final_logits_bias provided (final_logits_bias=None)
[DEBUG TransformerWrapper] No final_logits_bias provided (final_logits_bias=None)
[DEBUG TransformerWrapper] No final_logits_bias provided (final_logits_bias=None)
[DEBUG TransformerWrapper] No final_logits_bias provided (final_logits_bias=None)
[DEBUG TransformerWrapper] No final_logits_bias provided (final_logits_bias=None)
[DEBUG TransformerWrapper] No final_logits_bias provided (final_logits_bias=None)
[DEBUG TransformerWrapper] No final_logits_bias provided (final_logits_bias=None)
[DEBUG TransformerWrapper] No final_logits_bias provided (final_logits_bias=None)
[DEBUG TransformerWrapper] No final_logits_bias provided (final_logits_bias=None)
[DEBUG TransformerWrapper] No final_logits_bias provided (final_logits_bias=None)
[DEBUG TransformerWrapper] No final_logits_bias provided (final_logits_bias=None)
[DEBUG TransformerWrapper] No final_logits_bias provided (final_logits_bias=None)
[DEBUG TransformerWrapper] No final_logits_bias provided (final_logits_bias=None)
[DEBUG TransformerWrapper] No final_logits_bias provided (final_logits_bias=None)
[DEBUG TransformerWrapper] No final_logits_bias provided (final_logits_bias=None)
[DEBUG TransformerWrapper] No final_logits_bias provided (final_logits_bias=None)
[DEBUG TransformerWrapper] No final_logits_bias provided (final_logits_bias=None)
[DEBUG TransformerWrapper] No final_logits_bias provided (final_logits_bias=None)
[DEBUG TransformerWrapper] No final_logits_bias provided (final_logits_bias=None)
[DEBUG TransformerWrapper] No final_logits_bias provided (final_logits_bias=None)
[DEBUG TransformerWrapper] No final_logits_bias provided (final_logits_bias=None)
[DEBUG TransformerWrapper] No final_logits_bias provided (final_logits_bias=None)
[DEBUG TransformerWrapper] No final_logits_bias provided (final_logits_bias=None)
[DEBUG TransformerWrapper] No final_logits_bias provided (final_logits_bias=None)
[DEBUG TransformerWrapper] No final_logits_bias provided (final_logits_bias=None)
[DEBUG TransformerWrapper] No final_logits_bias provided (final_logits_bias=None)
[DEBUG TransformerWrapper] No final_logits_bias provided (final_logits_bias=None)
[DEBUG TransformerWrapper] No final_logits_bias provided (final_logits_bias=None)
[DEBUG TransformerWrapper] No final_logits_bias provided (final_logits_bias=None)
[DEBUG TransformerWrapper] No final_logits_bias provided (final_logits_bias=None)
[DEBUG TransformerWrapper] No final_logits_bias provided (final_logits_bias=None)
[DEBUG TransformerWrapper] No final_logits_bias provided (final_logits_bias=None)
[DEBUG TransformerWrapper] No final_logits_bias provided (final_logits_bias=None)
[DEBUG TransformerWrapper] No final_logits_bias provided (final_logits_bias=None)
[DEBUG TransformerWrapper] No final_logits_bias provided (final_logits_bias=None)
[DEBUG TransformerWrapper] No final_logits_bias provided (final_logits_bias=None)
[DEBUG TransformerWrapper] No final_logits_bias provided (final_logits_bias=None)
[DEBUG TransformerWrapper] No final_logits_bias provided (final_logits_bias=None)
[DEBUG TransformerWrapper] No final_logits_bias provided (final_logits_bias=None)
[DEBUG TransformerWrapper] No final_logits_bias provided (final_logits_bias=None)
[DEBUG TransformerWrapper] No final_logits_bias provided (final_logits_bias=None)
[DEBUG TransformerWrapper] No final_logits_bias provided (final_logits_bias=None)
[DEBUG TransformerWrapper] No final_logits_bias provided (final_logits_bias=None)
[DEBUG TransformerWrapper] No final_logits_bias provided (final_logits_bias=None)
[DEBUG TransformerWrapper] No final_logits_bias provided (final_logits_bias=None)
[DEBUG TransformerWrapper] No final_logits_bias provided (final_logits_bias=None)
[DEBUG TransformerWrapper] No final_logits_bias provided (final_logits_bias=None)
[DEBUG TransformerWrapper] No final_logits_bias provided (final_logits_bias=None)
[DEBUG TransformerWrapper] No final_logits_bias provided (final_logits_bias=None)
[DEBUG TransformerWrapper] No final_logits_bias provided (final_logits_bias=None)
[DEBUG TransformerWrapper] No final_logits_bias provided (final_logits_bias=None)
[DEBUG TransformerWrapper] No final_logits_bias provided (final_logits_bias=None)
[DEBUG TransformerWrapper] No final_logits_bias provided (final_logits_bias=None)
[DEBUG TransformerWrapper] No final_logits_bias provided (final_logits_bias=None)
[DEBUG TransformerWrapper] No final_logits_bias provided (final_logits_bias=None)
[DEBUG TransformerWrapper] No final_logits_bias provided (final_logits_bias=None)
[DEBUG TransformerWrapper] No final_logits_bias provided (final_logits_bias=None)
[DEBUG TransformerWrapper] No final_logits_bias provided (final_logits_bias=None)
[DEBUG TransformerWrapper] No final_logits_bias provided (final_logits_bias=None)
[DEBUG TransformerWrapper] No final_logits_bias provided (final_logits_bias=None)
[DEBUG TransformerWrapper] No final_logits_bias provided (final_logits_bias=None)
[DEBUG TransformerWrapper] No final_logits_bias provided (final_logits_bias=None)
[DEBUG TransformerWrapper] No final_logits_bias provided (final_logits_bias=None)
[DEBUG TransformerWrapper] No final_logits_bias provided (final_logits_bias=None)
[DEBUG TransformerWrapper] No final_logits_bias provided (final_logits_bias=None)
[DEBUG TransformerWrapper] No final_logits_bias provided (final_logits_bias=None)
[DEBUG TransformerWrapper] No final_logits_bias provided (final_logits_bias=None)
[DEBUG TransformerWrapper] No final_logits_bias provided (final_logits_bias=None)
[DEBUG TransformerWrapper] No final_logits_bias provided (final_logits_bias=None)
[DEBUG TransformerWrapper] No final_logits_bias provided (final_logits_bias=None)
[DEBUG TransformerWrapper] No final_logits_bias provided (final_logits_bias=None)
[DEBUG TransformerWrapper] No final_logits_bias provided (final_logits_bias=None)
[DEBUG TransformerWrapper] No final_logits_bias provided (final_logits_bias=None)
[DEBUG TransformerWrapper] No final_logits_bias provided (final_logits_bias=None)
[DEBUG TransformerWrapper] No final_logits_bias provided (final_logits_bias=None)
[DEBUG TransformerWrapper] No final_logits_bias provided (final_logits_bias=None)
[DEBUG TransformerWrapper] No final_logits_bias provided (final_logits_bias=None)
[DEBUG TransformerWrapper] No final_logits_bias provided (final_logits_bias=None)
[DEBUG TransformerWrapper] No final_logits_bias provided (final_logits_bias=None)
[DEBUG TransformerWrapper] No final_logits_bias provided (final_logits_bias=None)
[DEBUG TransformerWrapper] No final_logits_bias provided (final_logits_bias=None)
[DEBUG TransformerWrapper] No final_logits_bias provided (final_logits_bias=None)
[DEBUG TransformerWrapper] No final_logits_bias provided (final_logits_bias=None)
[DEBUG TransformerWrapper] No final_logits_bias provided (final_logits_bias=None)
[DEBUG TransformerWrapper] No final_logits_bias provided (final_logits_bias=None)
[DEBUG TransformerWrapper] No final_logits_bias provided (final_logits_bias=None)
[DEBUG TransformerWrapper] No final_logits_bias provided (final_logits_bias=None)
[DEBUG TransformerWrapper] No final_logits_bias provided (final_logits_bias=None)
[DEBUG TransformerWrapper] No final_logits_bias provided (final_logits_bias=None)
[DEBUG TransformerWrapper] No final_logits_bias provided (final_logits_bias=None)
[DEBUG TransformerWrapper] No final_logits_bias provided (final_logits_bias=None)
[DEBUG TransformerWrapper] No final_logits_bias provided (final_logits_bias=None)
[DEBUG TransformerWrapper] No final_logits_bias provided (final_logits_bias=None)
[DEBUG TransformerWrapper] No final_logits_bias provided (final_logits_bias=None)
[DEBUG TransformerWrapper] No final_logits_bias provided (final_logits_bias=None)
[DEBUG TransformerWrapper] No final_logits_bias provided (final_logits_bias=None)
[DEBUG TransformerWrapper] No final_logits_bias provided (final_logits_bias=None)
[DEBUG TransformerWrapper] No final_logits_bias provided (final_logits_bias=None)
[DEBUG TransformerWrapper] No final_logits_bias provided (final_logits_bias=None)
[DEBUG TransformerWrapper] No final_logits_bias provided (final_logits_bias=None)
[DEBUG TransformerWrapper] No final_logits_bias provided (final_logits_bias=None)
[DEBUG TransformerWrapper] No final_logits_bias provided (final_logits_bias=None)
[DEBUG TransformerWrapper] No final_logits_bias provided (final_logits_bias=None)
[DEBUG TransformerWrapper] No final_logits_bias provided (final_logits_bias=None)
[DEBUG TransformerWrapper] No final_logits_bias provided (final_logits_bias=None)
[DEBUG TransformerWrapper] No final_logits_bias provided (final_logits_bias=None)
[DEBUG TransformerWrapper] No final_logits_bias provided (final_logits_bias=None)
[DEBUG TransformerWrapper] No final_logits_bias provided (final_logits_bias=None)
[DEBUG TransformerWrapper] No final_logits_bias provided (final_logits_bias=None)
abort_function called at Mon Jan  5 13:09:20 EET 2026
GPU 0: 12958.64 Wh, avg power: 269.97 W (172801.57 s)
GPU 2: 11951.44 Wh, avg power: 248.99 W (172801.57 s)
GPU 4: 12120.67 Wh, avg power: 252.51 W (172801.57 s)
GPU 6: 12047.81 Wh, avg power: 250.99 W (172801.57 s)
TOTAL: 49078.55 Wh
