Starting at Sun Jan  4 23:32:15 EET 2026
Master node: nid007090
Master port: 9973
Node list: nid[007090-007098]
/pfs/lustrep1/scratch/project_462000964/members/tiedeman/MARMoT/sandbox/tiedeman/european/eucore2/train.yaml
/pfs/lustrep1/scratch/project_462000964/members/tiedeman/MARMoT/sandbox/tiedeman/european/eucore2/train.yaml
/pfs/lustrep1/scratch/project_462000964/members/tiedeman/MARMoT/sandbox/tiedeman/european/eucore2/train.yaml
Node 5 starting training
Master node: nid007090
Master port: 9973
Node 1 starting training
Master node: nid007090
Master port: 9973
/pfs/lustrep1/scratch/project_462000964/members/tiedeman/MARMoT/sandbox/tiedeman/european/eucore2/train.yaml
/pfs/lustrep1/scratch/project_462000964/members/tiedeman/MARMoT/sandbox/tiedeman/european/eucore2/train.yaml
Node 0 starting training
Master node: nid007090
Master port: 9973
Node 7 starting training
Master node: nid007090
Master port: 9973
/pfs/lustrep1/scratch/project_462000964/members/tiedeman/MARMoT/sandbox/tiedeman/european/eucore2/train.yaml
Node 3 starting training
Master node: nid007090
Master port: 9973
Node 4 starting training
Master node: nid007090
Master port: 9973
/pfs/lustrep1/scratch/project_462000964/members/tiedeman/MARMoT/sandbox/tiedeman/european/eucore2/train.yaml
Node 8 starting training
Master node: nid007090
Master port: 9973
/pfs/lustrep1/scratch/project_462000964/members/tiedeman/MARMoT/sandbox/tiedeman/european/eucore2/train.yaml
Node 6 starting training
Master node: nid007090
Master port: 9973
/pfs/lustrep1/scratch/project_462000964/members/tiedeman/MARMoT/sandbox/tiedeman/european/eucore2/train.yaml
Node 2 starting training
Master node: nid007090
Master port: 9973
[DEBUG TransformerWrapper] No final_logits_bias provided (final_logits_bias=None)
[DEBUG TransformerWrapper] No final_logits_bias provided (final_logits_bias=None)
[DEBUG TransformerWrapper] No final_logits_bias provided (final_logits_bias=None)
[DEBUG TransformerWrapper] No final_logits_bias provided (final_logits_bias=None)
[DEBUG TransformerWrapper] No final_logits_bias provided (final_logits_bias=None)
[DEBUG TransformerWrapper] No final_logits_bias provided (final_logits_bias=None)
[DEBUG TransformerWrapper] No final_logits_bias provided (final_logits_bias=None)
[DEBUG TransformerWrapper] No final_logits_bias provided (final_logits_bias=None)
[DEBUG TransformerWrapper] No final_logits_bias provided (final_logits_bias=None)
[DEBUG TransformerWrapper] No final_logits_bias provided (final_logits_bias=None)
[DEBUG TransformerWrapper] No final_logits_bias provided (final_logits_bias=None)
[DEBUG TransformerWrapper] No final_logits_bias provided (final_logits_bias=None)
[DEBUG TransformerWrapper] No final_logits_bias provided (final_logits_bias=None)
[DEBUG TransformerWrapper] No final_logits_bias provided (final_logits_bias=None)
[DEBUG TransformerWrapper] No final_logits_bias provided (final_logits_bias=None)
[DEBUG TransformerWrapper] No final_logits_bias provided (final_logits_bias=None)
[DEBUG TransformerWrapper] No final_logits_bias provided (final_logits_bias=None)
[DEBUG TransformerWrapper] No final_logits_bias provided (final_logits_bias=None)
[DEBUG TransformerWrapper] No final_logits_bias provided (final_logits_bias=None)
[DEBUG TransformerWrapper] No final_logits_bias provided (final_logits_bias=None)
[DEBUG TransformerWrapper] No final_logits_bias provided (final_logits_bias=None)
[DEBUG TransformerWrapper] No final_logits_bias provided (final_logits_bias=None)
[DEBUG TransformerWrapper] No final_logits_bias provided (final_logits_bias=None)
[DEBUG TransformerWrapper] No final_logits_bias provided (final_logits_bias=None)
[DEBUG TransformerWrapper] No final_logits_bias provided (final_logits_bias=None)
[DEBUG TransformerWrapper] No final_logits_bias provided (final_logits_bias=None)
[DEBUG TransformerWrapper] No final_logits_bias provided (final_logits_bias=None)
[DEBUG TransformerWrapper] No final_logits_bias provided (final_logits_bias=None)
[DEBUG TransformerWrapper] No final_logits_bias provided (final_logits_bias=None)
[DEBUG TransformerWrapper] No final_logits_bias provided (final_logits_bias=None)
[DEBUG TransformerWrapper] No final_logits_bias provided (final_logits_bias=None)
[DEBUG TransformerWrapper] No final_logits_bias provided (final_logits_bias=None)
[DEBUG TransformerWrapper] No final_logits_bias provided (final_logits_bias=None)
[DEBUG TransformerWrapper] No final_logits_bias provided (final_logits_bias=None)
[DEBUG TransformerWrapper] No final_logits_bias provided (final_logits_bias=None)
[DEBUG TransformerWrapper] No final_logits_bias provided (final_logits_bias=None)
[DEBUG TransformerWrapper] No final_logits_bias provided (final_logits_bias=None)
[DEBUG TransformerWrapper] No final_logits_bias provided (final_logits_bias=None)
[DEBUG TransformerWrapper] No final_logits_bias provided (final_logits_bias=None)
[DEBUG TransformerWrapper] No final_logits_bias provided (final_logits_bias=None)
[DEBUG TransformerWrapper] No final_logits_bias provided (final_logits_bias=None)
[DEBUG TransformerWrapper] No final_logits_bias provided (final_logits_bias=None)
[DEBUG TransformerWrapper] No final_logits_bias provided (final_logits_bias=None)
[DEBUG TransformerWrapper] No final_logits_bias provided (final_logits_bias=None)
[DEBUG TransformerWrapper] No final_logits_bias provided (final_logits_bias=None)
[DEBUG TransformerWrapper] No final_logits_bias provided (final_logits_bias=None)
[DEBUG TransformerWrapper] No final_logits_bias provided (final_logits_bias=None)
[DEBUG TransformerWrapper] No final_logits_bias provided (final_logits_bias=None)
[DEBUG TransformerWrapper] No final_logits_bias provided (final_logits_bias=None)
[DEBUG TransformerWrapper] No final_logits_bias provided (final_logits_bias=None)
[DEBUG TransformerWrapper] No final_logits_bias provided (final_logits_bias=None)
[DEBUG TransformerWrapper] No final_logits_bias provided (final_logits_bias=None)
[DEBUG TransformerWrapper] No final_logits_bias provided (final_logits_bias=None)
[DEBUG TransformerWrapper] No final_logits_bias provided (final_logits_bias=None)
[DEBUG TransformerWrapper] No final_logits_bias provided (final_logits_bias=None)
[DEBUG TransformerWrapper] No final_logits_bias provided (final_logits_bias=None)
[DEBUG TransformerWrapper] No final_logits_bias provided (final_logits_bias=None)
[DEBUG TransformerWrapper] No final_logits_bias provided (final_logits_bias=None)
[DEBUG TransformerWrapper] No final_logits_bias provided (final_logits_bias=None)
[DEBUG TransformerWrapper] No final_logits_bias provided (final_logits_bias=None)
[DEBUG TransformerWrapper] No final_logits_bias provided (final_logits_bias=None)
[DEBUG TransformerWrapper] No final_logits_bias provided (final_logits_bias=None)
[DEBUG TransformerWrapper] No final_logits_bias provided (final_logits_bias=None)
[DEBUG TransformerWrapper] No final_logits_bias provided (final_logits_bias=None)
[DEBUG TransformerWrapper] No final_logits_bias provided (final_logits_bias=None)
[DEBUG TransformerWrapper] No final_logits_bias provided (final_logits_bias=None)
[DEBUG TransformerWrapper] No final_logits_bias provided (final_logits_bias=None)
[DEBUG TransformerWrapper] No final_logits_bias provided (final_logits_bias=None)
[DEBUG TransformerWrapper] No final_logits_bias provided (final_logits_bias=None)
[DEBUG TransformerWrapper] No final_logits_bias provided (final_logits_bias=None)
[DEBUG TransformerWrapper] No final_logits_bias provided (final_logits_bias=None)
[DEBUG TransformerWrapper] No final_logits_bias provided (final_logits_bias=None)
[DEBUG TransformerWrapper] No final_logits_bias provided (final_logits_bias=None)
[DEBUG TransformerWrapper] No final_logits_bias provided (final_logits_bias=None)
[DEBUG TransformerWrapper] No final_logits_bias provided (final_logits_bias=None)
[DEBUG TransformerWrapper] No final_logits_bias provided (final_logits_bias=None)
[DEBUG TransformerWrapper] No final_logits_bias provided (final_logits_bias=None)
[DEBUG TransformerWrapper] No final_logits_bias provided (final_logits_bias=None)
[DEBUG TransformerWrapper] No final_logits_bias provided (final_logits_bias=None)
[DEBUG TransformerWrapper] No final_logits_bias provided (final_logits_bias=None)
[DEBUG TransformerWrapper] No final_logits_bias provided (final_logits_bias=None)
[DEBUG TransformerWrapper] No final_logits_bias provided (final_logits_bias=None)
[DEBUG TransformerWrapper] No final_logits_bias provided (final_logits_bias=None)
[DEBUG TransformerWrapper] No final_logits_bias provided (final_logits_bias=None)
[DEBUG TransformerWrapper] No final_logits_bias provided (final_logits_bias=None)
[DEBUG TransformerWrapper] No final_logits_bias provided (final_logits_bias=None)
[DEBUG TransformerWrapper] No final_logits_bias provided (final_logits_bias=None)
[DEBUG TransformerWrapper] No final_logits_bias provided (final_logits_bias=None)
[DEBUG TransformerWrapper] No final_logits_bias provided (final_logits_bias=None)
[DEBUG TransformerWrapper] No final_logits_bias provided (final_logits_bias=None)
[DEBUG TransformerWrapper] No final_logits_bias provided (final_logits_bias=None)
[DEBUG TransformerWrapper] No final_logits_bias provided (final_logits_bias=None)
[DEBUG TransformerWrapper] No final_logits_bias provided (final_logits_bias=None)
[DEBUG TransformerWrapper] No final_logits_bias provided (final_logits_bias=None)
[DEBUG TransformerWrapper] No final_logits_bias provided (final_logits_bias=None)
[DEBUG TransformerWrapper] No final_logits_bias provided (final_logits_bias=None)
[DEBUG TransformerWrapper] No final_logits_bias provided (final_logits_bias=None)
[DEBUG TransformerWrapper] No final_logits_bias provided (final_logits_bias=None)
[DEBUG TransformerWrapper] No final_logits_bias provided (final_logits_bias=None)
[DEBUG TransformerWrapper] No final_logits_bias provided (final_logits_bias=None)
[DEBUG TransformerWrapper] No final_logits_bias provided (final_logits_bias=None)
[DEBUG TransformerWrapper] No final_logits_bias provided (final_logits_bias=None)
[DEBUG TransformerWrapper] No final_logits_bias provided (final_logits_bias=None)
[DEBUG TransformerWrapper] No final_logits_bias provided (final_logits_bias=None)
[DEBUG TransformerWrapper] No final_logits_bias provided (final_logits_bias=None)
[DEBUG TransformerWrapper] No final_logits_bias provided (final_logits_bias=None)
[DEBUG TransformerWrapper] No final_logits_bias provided (final_logits_bias=None)
[DEBUG TransformerWrapper] No final_logits_bias provided (final_logits_bias=None)
[DEBUG TransformerWrapper] No final_logits_bias provided (final_logits_bias=None)
[DEBUG TransformerWrapper] No final_logits_bias provided (final_logits_bias=None)
[DEBUG TransformerWrapper] No final_logits_bias provided (final_logits_bias=None)
[DEBUG TransformerWrapper] No final_logits_bias provided (final_logits_bias=None)
[DEBUG TransformerWrapper] No final_logits_bias provided (final_logits_bias=None)
[DEBUG TransformerWrapper] No final_logits_bias provided (final_logits_bias=None)
[DEBUG TransformerWrapper] No final_logits_bias provided (final_logits_bias=None)
[DEBUG TransformerWrapper] No final_logits_bias provided (final_logits_bias=None)
[DEBUG TransformerWrapper] No final_logits_bias provided (final_logits_bias=None)
[DEBUG TransformerWrapper] No final_logits_bias provided (final_logits_bias=None)
[DEBUG TransformerWrapper] No final_logits_bias provided (final_logits_bias=None)
[DEBUG TransformerWrapper] No final_logits_bias provided (final_logits_bias=None)
[DEBUG TransformerWrapper] No final_logits_bias provided (final_logits_bias=None)
[DEBUG TransformerWrapper] No final_logits_bias provided (final_logits_bias=None)
[DEBUG TransformerWrapper] No final_logits_bias provided (final_logits_bias=None)
[DEBUG TransformerWrapper] No final_logits_bias provided (final_logits_bias=None)
[DEBUG TransformerWrapper] No final_logits_bias provided (final_logits_bias=None)
[DEBUG TransformerWrapper] No final_logits_bias provided (final_logits_bias=None)
[DEBUG TransformerWrapper] No final_logits_bias provided (final_logits_bias=None)
[DEBUG TransformerWrapper] No final_logits_bias provided (final_logits_bias=None)
[DEBUG TransformerWrapper] No final_logits_bias provided (final_logits_bias=None)
[DEBUG TransformerWrapper] No final_logits_bias provided (final_logits_bias=None)
[DEBUG TransformerWrapper] No final_logits_bias provided (final_logits_bias=None)
[DEBUG TransformerWrapper] No final_logits_bias provided (final_logits_bias=None)
[DEBUG TransformerWrapper] No final_logits_bias provided (final_logits_bias=None)
[DEBUG TransformerWrapper] No final_logits_bias provided (final_logits_bias=None)
[DEBUG TransformerWrapper] No final_logits_bias provided (final_logits_bias=None)
[DEBUG TransformerWrapper] No final_logits_bias provided (final_logits_bias=None)
[DEBUG TransformerWrapper] No final_logits_bias provided (final_logits_bias=None)
[DEBUG TransformerWrapper] No final_logits_bias provided (final_logits_bias=None)
[DEBUG TransformerWrapper] No final_logits_bias provided (final_logits_bias=None)
[DEBUG TransformerWrapper] No final_logits_bias provided (final_logits_bias=None)
[DEBUG TransformerWrapper] No final_logits_bias provided (final_logits_bias=None)
[DEBUG TransformerWrapper] No final_logits_bias provided (final_logits_bias=None)
[DEBUG TransformerWrapper] No final_logits_bias provided (final_logits_bias=None)
[DEBUG TransformerWrapper] No final_logits_bias provided (final_logits_bias=None)
abort_function called at Tue Jan  6 23:32:30 EET 2026
GPU 0: 13603.10 Wh, avg power: 283.38 W (172812.73 s)
GPU 2: 12326.01 Wh, avg power: 256.77 W (172812.73 s)
GPU 4: 12305.76 Wh, avg power: 256.35 W (172812.73 s)
GPU 6: 11849.00 Wh, avg power: 246.84 W (172812.73 s)
TOTAL: 50083.86 Wh
